SF:/home/iguo/repos/quanttide/domains/quanttide-code/examples/default/src/bin/ast_refactor_exp.rs
FN:68,_RNvCslA2PAXe2xDD_16ast_refactor_exp13byte_for_line
FN:3,_RNvCslA2PAXe2xDD_16ast_refactor_exp4main
FN:72,_RINvCslA2PAXe2xDD_16ast_refactor_exp4walkNCNvB2_4main0EB2_
FN:72,_RINvCslA2PAXe2xDD_16ast_refactor_exp4walkNCNvB2_4mains_0EB2_
FN:31,_RNCNCNvCslA2PAXe2xDD_16ast_refactor_exp4main00B5_
FN:43,_RNCNCNvCslA2PAXe2xDD_16ast_refactor_exp4mains_00B5_
FN:69,_RNCNvCslA2PAXe2xDD_16ast_refactor_exp13byte_for_line0B3_
FN:28,_RNCNvCslA2PAXe2xDD_16ast_refactor_exp4main0B3_
FN:40,_RNCNvCslA2PAXe2xDD_16ast_refactor_exp4mains_0B3_
FN:72,_RINvCs4fLKLZaR5ek_16ast_refactor_exp4walkpEB2_
FN:31,_RNCNCNvCs4fLKLZaR5ek_16ast_refactor_exp4main00B5_
FN:43,_RNCNCNvCs4fLKLZaR5ek_16ast_refactor_exp4mains_00B5_
FN:69,_RNCNvCs4fLKLZaR5ek_16ast_refactor_exp13byte_for_line0B3_
FN:28,_RNCNvCs4fLKLZaR5ek_16ast_refactor_exp4main0B3_
FN:40,_RNCNvCs4fLKLZaR5ek_16ast_refactor_exp4mains_0B3_
FN:68,_RNvCs4fLKLZaR5ek_16ast_refactor_exp13byte_for_line
FN:3,_RNvCs4fLKLZaR5ek_16ast_refactor_exp4main
FNDA:0,_RNvCslA2PAXe2xDD_16ast_refactor_exp13byte_for_line
FNDA:0,_RNvCslA2PAXe2xDD_16ast_refactor_exp4main
FNDA:0,_RINvCslA2PAXe2xDD_16ast_refactor_exp4walkNCNvB2_4main0EB2_
FNDA:0,_RINvCslA2PAXe2xDD_16ast_refactor_exp4walkNCNvB2_4mains_0EB2_
FNDA:0,_RNCNCNvCslA2PAXe2xDD_16ast_refactor_exp4main00B5_
FNDA:0,_RNCNCNvCslA2PAXe2xDD_16ast_refactor_exp4mains_00B5_
FNDA:0,_RNCNvCslA2PAXe2xDD_16ast_refactor_exp13byte_for_line0B3_
FNDA:0,_RNCNvCslA2PAXe2xDD_16ast_refactor_exp4main0B3_
FNDA:0,_RNCNvCslA2PAXe2xDD_16ast_refactor_exp4mains_0B3_
FNDA:0,_RINvCs4fLKLZaR5ek_16ast_refactor_exp4walkpEB2_
FNDA:0,_RNCNCNvCs4fLKLZaR5ek_16ast_refactor_exp4main00B5_
FNDA:0,_RNCNCNvCs4fLKLZaR5ek_16ast_refactor_exp4mains_00B5_
FNDA:0,_RNCNvCs4fLKLZaR5ek_16ast_refactor_exp13byte_for_line0B3_
FNDA:0,_RNCNvCs4fLKLZaR5ek_16ast_refactor_exp4main0B3_
FNDA:0,_RNCNvCs4fLKLZaR5ek_16ast_refactor_exp4mains_0B3_
FNDA:0,_RNvCs4fLKLZaR5ek_16ast_refactor_exp13byte_for_line
FNDA:0,_RNvCs4fLKLZaR5ek_16ast_refactor_exp4main
FNF:8
FNH:0
DA:3,0
DA:4,0
DA:5,0
DA:6,0
DA:7,0
DA:8,0
DA:9,0
DA:10,0
DA:11,0
DA:12,0
DA:13,0
DA:14,0
DA:15,0
DA:16,0
DA:17,0
DA:18,0
DA:20,0
DA:21,0
DA:22,0
DA:23,0
DA:26,0
DA:27,0
DA:28,0
DA:29,0
DA:30,0
DA:31,0
DA:32,0
DA:33,0
DA:34,0
DA:35,0
DA:36,0
DA:37,0
DA:40,0
DA:41,0
DA:42,0
DA:43,0
DA:45,0
DA:46,0
DA:47,0
DA:49,0
DA:50,0
DA:51,0
DA:53,0
DA:54,0
DA:55,0
DA:56,0
DA:60,0
DA:61,0
DA:62,0
DA:63,0
DA:64,0
DA:65,0
DA:66,0
DA:68,0
DA:69,0
DA:70,0
DA:72,0
DA:73,0
DA:74,0
DA:75,0
DA:77,0
DA:78,0
DA:80,0
DA:81,0
BRF:0
BRH:0
LF:69
LH:0
end_of_record
SF:/home/iguo/repos/quanttide/domains/quanttide-code/examples/default/src/bin/dep_exp.rs
FN:97,_RNvCs18wzpEGhZ9E_7dep_exp12extract_deps
FN:84,_RNvCs18wzpEGhZ9E_7dep_exp14file_to_module
FN:6,_RNvCs18wzpEGhZ9E_7dep_exp4main
FN:86,_RNCNvCs18wzpEGhZ9E_7dep_exp14file_to_module0B3_
FN:87,_RNCNvCs18wzpEGhZ9E_7dep_exp14file_to_modules_0B3_
FN:56,_RNCNvCs18wzpEGhZ9E_7dep_exp4main0B3_
FN:60,_RNCNvCs18wzpEGhZ9E_7dep_exp4mains_0B3_
FN:86,_RNCNvCsiWDK9WL5XhM_7dep_exp14file_to_module0B3_
FN:87,_RNCNvCsiWDK9WL5XhM_7dep_exp14file_to_modules_0B3_
FN:56,_RNCNvCsiWDK9WL5XhM_7dep_exp4main0B3_
FN:60,_RNCNvCsiWDK9WL5XhM_7dep_exp4mains_0B3_
FN:97,_RNvCsiWDK9WL5XhM_7dep_exp12extract_deps
FN:84,_RNvCsiWDK9WL5XhM_7dep_exp14file_to_module
FN:6,_RNvCsiWDK9WL5XhM_7dep_exp4main
FNDA:0,_RNvCs18wzpEGhZ9E_7dep_exp12extract_deps
FNDA:0,_RNvCs18wzpEGhZ9E_7dep_exp14file_to_module
FNDA:0,_RNvCs18wzpEGhZ9E_7dep_exp4main
FNDA:0,_RNCNvCs18wzpEGhZ9E_7dep_exp14file_to_module0B3_
FNDA:0,_RNCNvCs18wzpEGhZ9E_7dep_exp14file_to_modules_0B3_
FNDA:0,_RNCNvCs18wzpEGhZ9E_7dep_exp4main0B3_
FNDA:0,_RNCNvCs18wzpEGhZ9E_7dep_exp4mains_0B3_
FNDA:0,_RNCNvCsiWDK9WL5XhM_7dep_exp14file_to_module0B3_
FNDA:0,_RNCNvCsiWDK9WL5XhM_7dep_exp14file_to_modules_0B3_
FNDA:0,_RNCNvCsiWDK9WL5XhM_7dep_exp4main0B3_
FNDA:0,_RNCNvCsiWDK9WL5XhM_7dep_exp4mains_0B3_
FNDA:0,_RNvCsiWDK9WL5XhM_7dep_exp12extract_deps
FNDA:0,_RNvCsiWDK9WL5XhM_7dep_exp14file_to_module
FNDA:0,_RNvCsiWDK9WL5XhM_7dep_exp4main
FNF:7
FNH:0
DA:6,0
DA:7,0
DA:8,0
DA:9,0
DA:10,0
DA:11,0
DA:12,0
DA:13,0
DA:14,0
DA:15,0
DA:16,0
DA:17,0
DA:18,0
DA:19,0
DA:20,0
DA:21,0
DA:22,0
DA:25,0
DA:27,0
DA:28,0
DA:29,0
DA:32,0
DA:33,0
DA:34,0
DA:35,0
DA:36,0
DA:37,0
DA:38,0
DA:41,0
DA:42,0
DA:43,0
DA:44,0
DA:45,0
DA:46,0
DA:47,0
DA:48,0
DA:49,0
DA:53,0
DA:54,0
DA:55,0
DA:56,0
DA:57,0
DA:58,0
DA:59,0
DA:60,0
DA:61,0
DA:62,0
DA:67,0
DA:68,0
DA:69,0
DA:70,0
DA:71,0
DA:72,0
DA:73,0
DA:74,0
DA:75,0
DA:76,0
DA:77,0
DA:78,0
DA:80,0
DA:82,0
DA:84,0
DA:85,0
DA:86,0
DA:87,0
DA:88,0
DA:89,0
DA:90,0
DA:91,0
DA:93,0
DA:95,0
DA:97,0
DA:98,0
DA:99,0
DA:101,0
DA:102,0
DA:103,0
DA:104,0
DA:105,0
DA:106,0
DA:107,0
DA:108,0
DA:109,0
DA:110,0
DA:111,0
DA:112,0
DA:113,0
DA:114,0
DA:115,0
DA:116,0
DA:117,0
DA:118,0
DA:120,0
DA:121,0
BRF:0
BRH:0
LF:99
LH:0
end_of_record
SF:/home/iguo/repos/quanttide/domains/quanttide-code/examples/default/src/bin/evidence_exp.rs
FN:3,_RNvCsj0va7mqejDC_12evidence_exp4main
FN:3,_RNvCs9FcFXOnt1lf_12evidence_exp4main
FNDA:0,_RNvCsj0va7mqejDC_12evidence_exp4main
FNDA:0,_RNvCs9FcFXOnt1lf_12evidence_exp4main
FNF:1
FNH:0
DA:3,0
DA:4,0
DA:5,0
DA:6,0
DA:7,0
DA:8,0
DA:9,0
DA:10,0
DA:11,0
DA:12,0
DA:13,0
DA:14,0
DA:15,0
DA:16,0
DA:17,0
DA:18,0
DA:19,0
DA:20,0
DA:22,0
DA:23,0
BRF:0
BRH:0
LF:20
LH:0
end_of_record
SF:/home/iguo/repos/quanttide/domains/quanttide-code/examples/default/src/bin/slice_exp.rs
FN:301,_RNCNCNvCseRFhdOcifAP_9slice_exp13dataflow_paths_00B5_
FN:295,_RNCNvCseRFhdOcifAP_9slice_exp13dataflow_path0B3_
FN:322,_RNCNvCseRFhdOcifAP_9slice_exp13dataflow_paths0_0B3_
FN:323,_RNCNvCseRFhdOcifAP_9slice_exp13dataflow_paths1_0B3_
FN:301,_RNCNvCseRFhdOcifAP_9slice_exp13dataflow_paths_0B3_
FN:244,_RNCNvCseRFhdOcifAP_9slice_exp14backward_slice0B3_
FN:181,_RNCNvCseRFhdOcifAP_9slice_exp16find_return_line0B3_
FN:81,_RNCNvCseRFhdOcifAP_9slice_exp17collect_functions0B3_
FN:345,_RNCNvCseRFhdOcifAP_9slice_exp19find_callee_in_stmt0B3_
FN:211,_RNCNvCseRFhdOcifAP_9slice_exp20cross_function_slice0B3_
FN:219,_RNCNvCseRFhdOcifAP_9slice_exp20cross_function_slices_0B3_
FN:120,_RNvCseRFhdOcifAP_9slice_exp12is_container
FN:116,_RNvCseRFhdOcifAP_9slice_exp12is_stmt_kind
FN:279,_RNvCseRFhdOcifAP_9slice_exp13dataflow_path
FN:95,_RNvCseRFhdOcifAP_9slice_exp13flatten_stmts
FN:234,_RNvCseRFhdOcifAP_9slice_exp14backward_slice
FN:159,_RNvCseRFhdOcifAP_9slice_exp16find_return_line
FN:74,_RNvCseRFhdOcifAP_9slice_exp17collect_functions
FN:126,_RNvCseRFhdOcifAP_9slice_exp17find_declarations
FN:259,_RNvCseRFhdOcifAP_9slice_exp19extract_identifiers
FN:334,_RNvCseRFhdOcifAP_9slice_exp19find_callee_in_stmt
FN:191,_RNvCseRFhdOcifAP_9slice_exp20cross_function_slice
FN:5,_RNvCseRFhdOcifAP_9slice_exp4main
FN:120,_RNvCshYTDfWTZO1V_9slice_exp12is_container
FN:116,_RNvCshYTDfWTZO1V_9slice_exp12is_stmt_kind
FN:279,_RNvCshYTDfWTZO1V_9slice_exp13dataflow_path
FN:95,_RNvCshYTDfWTZO1V_9slice_exp13flatten_stmts
FN:234,_RNvCshYTDfWTZO1V_9slice_exp14backward_slice
FN:159,_RNvCshYTDfWTZO1V_9slice_exp16find_return_line
FN:74,_RNvCshYTDfWTZO1V_9slice_exp17collect_functions
FN:126,_RNvCshYTDfWTZO1V_9slice_exp17find_declarations
FN:259,_RNvCshYTDfWTZO1V_9slice_exp19extract_identifiers
FN:334,_RNvCshYTDfWTZO1V_9slice_exp19find_callee_in_stmt
FN:191,_RNvCshYTDfWTZO1V_9slice_exp20cross_function_slice
FN:5,_RNvCshYTDfWTZO1V_9slice_exp4main
FN:301,_RNCNCNvCshYTDfWTZO1V_9slice_exp13dataflow_paths_00B5_
FN:295,_RNCNvCshYTDfWTZO1V_9slice_exp13dataflow_path0B3_
FN:322,_RNCNvCshYTDfWTZO1V_9slice_exp13dataflow_paths0_0B3_
FN:323,_RNCNvCshYTDfWTZO1V_9slice_exp13dataflow_paths1_0B3_
FN:301,_RNCNvCshYTDfWTZO1V_9slice_exp13dataflow_paths_0B3_
FN:244,_RNCNvCshYTDfWTZO1V_9slice_exp14backward_slice0B3_
FN:181,_RNCNvCshYTDfWTZO1V_9slice_exp16find_return_line0B3_
FN:81,_RNCNvCshYTDfWTZO1V_9slice_exp17collect_functions0B3_
FN:345,_RNCNvCshYTDfWTZO1V_9slice_exp19find_callee_in_stmt0B3_
FN:211,_RNCNvCshYTDfWTZO1V_9slice_exp20cross_function_slice0B3_
FN:219,_RNCNvCshYTDfWTZO1V_9slice_exp20cross_function_slices_0B3_
FNDA:0,_RNCNCNvCseRFhdOcifAP_9slice_exp13dataflow_paths_00B5_
FNDA:0,_RNCNvCseRFhdOcifAP_9slice_exp13dataflow_path0B3_
FNDA:0,_RNCNvCseRFhdOcifAP_9slice_exp13dataflow_paths0_0B3_
FNDA:0,_RNCNvCseRFhdOcifAP_9slice_exp13dataflow_paths1_0B3_
FNDA:0,_RNCNvCseRFhdOcifAP_9slice_exp13dataflow_paths_0B3_
FNDA:0,_RNCNvCseRFhdOcifAP_9slice_exp14backward_slice0B3_
FNDA:0,_RNCNvCseRFhdOcifAP_9slice_exp16find_return_line0B3_
FNDA:0,_RNCNvCseRFhdOcifAP_9slice_exp17collect_functions0B3_
FNDA:0,_RNCNvCseRFhdOcifAP_9slice_exp19find_callee_in_stmt0B3_
FNDA:0,_RNCNvCseRFhdOcifAP_9slice_exp20cross_function_slice0B3_
FNDA:0,_RNCNvCseRFhdOcifAP_9slice_exp20cross_function_slices_0B3_
FNDA:0,_RNvCseRFhdOcifAP_9slice_exp12is_container
FNDA:0,_RNvCseRFhdOcifAP_9slice_exp12is_stmt_kind
FNDA:0,_RNvCseRFhdOcifAP_9slice_exp13dataflow_path
FNDA:0,_RNvCseRFhdOcifAP_9slice_exp13flatten_stmts
FNDA:0,_RNvCseRFhdOcifAP_9slice_exp14backward_slice
FNDA:0,_RNvCseRFhdOcifAP_9slice_exp16find_return_line
FNDA:0,_RNvCseRFhdOcifAP_9slice_exp17collect_functions
FNDA:0,_RNvCseRFhdOcifAP_9slice_exp17find_declarations
FNDA:0,_RNvCseRFhdOcifAP_9slice_exp19extract_identifiers
FNDA:0,_RNvCseRFhdOcifAP_9slice_exp19find_callee_in_stmt
FNDA:0,_RNvCseRFhdOcifAP_9slice_exp20cross_function_slice
FNDA:0,_RNvCseRFhdOcifAP_9slice_exp4main
FNDA:0,_RNvCshYTDfWTZO1V_9slice_exp12is_container
FNDA:0,_RNvCshYTDfWTZO1V_9slice_exp12is_stmt_kind
FNDA:0,_RNvCshYTDfWTZO1V_9slice_exp13dataflow_path
FNDA:0,_RNvCshYTDfWTZO1V_9slice_exp13flatten_stmts
FNDA:0,_RNvCshYTDfWTZO1V_9slice_exp14backward_slice
FNDA:0,_RNvCshYTDfWTZO1V_9slice_exp16find_return_line
FNDA:0,_RNvCshYTDfWTZO1V_9slice_exp17collect_functions
FNDA:0,_RNvCshYTDfWTZO1V_9slice_exp17find_declarations
FNDA:0,_RNvCshYTDfWTZO1V_9slice_exp19extract_identifiers
FNDA:0,_RNvCshYTDfWTZO1V_9slice_exp19find_callee_in_stmt
FNDA:0,_RNvCshYTDfWTZO1V_9slice_exp20cross_function_slice
FNDA:0,_RNvCshYTDfWTZO1V_9slice_exp4main
FNDA:0,_RNCNCNvCshYTDfWTZO1V_9slice_exp13dataflow_paths_00B5_
FNDA:0,_RNCNvCshYTDfWTZO1V_9slice_exp13dataflow_path0B3_
FNDA:0,_RNCNvCshYTDfWTZO1V_9slice_exp13dataflow_paths0_0B3_
FNDA:0,_RNCNvCshYTDfWTZO1V_9slice_exp13dataflow_paths1_0B3_
FNDA:0,_RNCNvCshYTDfWTZO1V_9slice_exp13dataflow_paths_0B3_
FNDA:0,_RNCNvCshYTDfWTZO1V_9slice_exp14backward_slice0B3_
FNDA:0,_RNCNvCshYTDfWTZO1V_9slice_exp16find_return_line0B3_
FNDA:0,_RNCNvCshYTDfWTZO1V_9slice_exp17collect_functions0B3_
FNDA:0,_RNCNvCshYTDfWTZO1V_9slice_exp19find_callee_in_stmt0B3_
FNDA:0,_RNCNvCshYTDfWTZO1V_9slice_exp20cross_function_slice0B3_
FNDA:0,_RNCNvCshYTDfWTZO1V_9slice_exp20cross_function_slices_0B3_
FNF:23
FNH:0
DA:5,0
DA:6,0
DA:7,0
DA:8,0
DA:9,0
DA:10,0
DA:11,0
DA:12,0
DA:13,0
DA:14,0
DA:15,0
DA:16,0
DA:17,0
DA:18,0
DA:19,0
DA:20,0
DA:21,0
DA:22,0
DA:24,0
DA:25,0
DA:26,0
DA:27,0
DA:29,0
DA:30,0
DA:31,0
DA:32,0
DA:33,0
DA:34,0
DA:35,0
DA:37,0
DA:38,0
DA:39,0
DA:40,0
DA:41,0
DA:42,0
DA:45,0
DA:46,0
DA:47,0
DA:48,0
DA:49,0
DA:50,0
DA:51,0
DA:56,0
DA:57,0
DA:58,0
DA:59,0
DA:60,0
DA:61,0
DA:65,0
DA:66,0
DA:67,0
DA:68,0
DA:69,0
DA:70,0
DA:74,0
DA:75,0
DA:76,0
DA:78,0
DA:79,0
DA:80,0
DA:81,0
DA:82,0
DA:83,0
DA:84,0
DA:85,0
DA:86,0
DA:88,0
DA:89,0
DA:92,0
DA:95,0
DA:96,0
DA:97,0
DA:98,0
DA:100,0
DA:101,0
DA:102,0
DA:103,0
DA:104,0
DA:105,0
DA:106,0
DA:107,0
DA:108,0
DA:109,0
DA:110,0
DA:112,0
DA:113,0
DA:114,0
DA:116,0
DA:117,0
DA:118,0
DA:120,0
DA:121,0
DA:122,0
DA:123,0
DA:124,0
DA:126,0
DA:127,0
DA:128,0
DA:129,0
DA:131,0
DA:132,0
DA:134,0
DA:135,0
DA:137,0
DA:138,0
DA:139,0
DA:140,0
DA:141,0
DA:142,0
DA:143,0
DA:144,0
DA:146,0
DA:147,0
DA:148,0
DA:149,0
DA:150,0
DA:151,0
DA:153,0
DA:154,0
DA:155,0
DA:159,0
DA:160,0
DA:161,0
DA:163,0
DA:164,0
DA:167,0
DA:168,0
DA:170,0
DA:171,0
DA:172,0
DA:173,0
DA:174,0
DA:176,0
DA:177,0
DA:178,0
DA:180,0
DA:181,0
DA:182,0
DA:183,0
DA:185,0
DA:186,0
DA:187,0
DA:191,0
DA:192,0
DA:193,0
DA:194,0
DA:195,0
DA:196,0
DA:197,0
DA:198,0
DA:199,0
DA:200,0
DA:201,0
DA:203,0
DA:204,0
DA:205,0
DA:207,0
DA:208,0
DA:209,0
DA:210,0
DA:211,0
DA:212,0
DA:213,0
DA:215,0
DA:216,0
DA:219,0
DA:220,0
DA:221,0
DA:222,0
DA:223,0
DA:224,0
DA:225,0
DA:226,0
DA:230,0
DA:231,0
DA:232,0
DA:234,0
DA:235,0
DA:236,0
DA:237,0
DA:238,0
DA:239,0
DA:240,0
DA:241,0
DA:243,0
DA:244,0
DA:245,0
DA:246,0
DA:247,0
DA:248,0
DA:249,0
DA:250,0
DA:251,0
DA:255,0
DA:256,0
DA:257,0
DA:259,0
DA:260,0
DA:261,0
DA:263,0
DA:264,0
DA:265,0
DA:266,0
DA:267,0
DA:268,0
DA:269,0
DA:271,0
DA:272,0
DA:275,0
DA:279,0
DA:280,0
DA:281,0
DA:282,0
DA:283,0
DA:284,0
DA:285,0
DA:286,0
DA:287,0
DA:288,0
DA:289,0
DA:290,0
DA:292,0
DA:293,0
DA:295,0
DA:296,0
DA:297,0
DA:300,0
DA:301,0
DA:303,0
DA:304,0
DA:307,0
DA:308,0
DA:309,0
DA:312,0
DA:314,0
DA:315,0
DA:317,0
DA:318,0
DA:319,0
DA:320,0
DA:322,0
DA:323,0
DA:324,0
DA:325,0
DA:327,0
DA:328,0
DA:331,0
DA:332,0
DA:334,0
DA:335,0
DA:337,0
DA:338,0
DA:340,0
DA:341,0
DA:343,0
DA:344,0
DA:345,0
DA:346,0
DA:347,0
DA:349,0
DA:350,0
DA:351,0
DA:353,0
DA:354,0
DA:357,0
BRF:0
BRH:0
LF:276
LH:0
end_of_record
SF:/home/iguo/repos/quanttide/domains/quanttide-code/examples/default/src/config.rs
FN:20,_RNCNvNtCsee7ndyVjG0b_16qtcloud_code_cli6config11is_excluded0B5_
FN:40,_RNCNvNtCsee7ndyVjG0b_16qtcloud_code_cli6config13load_contract0B5_
FN:62,_RNCNvNtCsee7ndyVjG0b_16qtcloud_code_cli6config21resolve_enabled_rules0B5_
FN:16,_RNvNtCsee7ndyVjG0b_16qtcloud_code_cli6config11is_excluded
FN:31,_RNvNtCsee7ndyVjG0b_16qtcloud_code_cli6config13load_contract
FN:45,_RNvNtCsee7ndyVjG0b_16qtcloud_code_cli6config21resolve_enabled_rules
FN:16,_RNvNtCskiAP0IJDdks_16qtcloud_code_cli6config11is_excluded
FN:45,_RNvNtCskiAP0IJDdks_16qtcloud_code_cli6config21resolve_enabled_rules
FN:98,_RNvNtNtCskiAP0IJDdks_16qtcloud_code_cli6config5testss_22test_default_all_rules
FN:84,_RNvNtNtCskiAP0IJDdks_16qtcloud_code_cli6config5testss_29test_config_rules_when_no_cli
FN:70,_RNvNtNtCskiAP0IJDdks_16qtcloud_code_cli6config5testss_30test_cli_rules_take_precedence
FN:107,_RNvNtNtCskiAP0IJDdks_16qtcloud_code_cli6config5testss_31test_config_without_rules_field
FN:20,_RNCNvNtCskiAP0IJDdks_16qtcloud_code_cli6config11is_excluded0B5_
FN:62,_RNCNvNtCskiAP0IJDdks_16qtcloud_code_cli6config21resolve_enabled_rules0B5_
FN:40,_RNCNvNtCskiAP0IJDdks_16qtcloud_code_cli6config13load_contract0B5_
FN:31,_RNvNtCskiAP0IJDdks_16qtcloud_code_cli6config13load_contract
FNDA:460,_RNCNvNtCsee7ndyVjG0b_16qtcloud_code_cli6config11is_excluded0B5_
FNDA:4,_RNCNvNtCsee7ndyVjG0b_16qtcloud_code_cli6config13load_contract0B5_
FNDA:42,_RNCNvNtCsee7ndyVjG0b_16qtcloud_code_cli6config21resolve_enabled_rules0B5_
FNDA:121,_RNvNtCsee7ndyVjG0b_16qtcloud_code_cli6config11is_excluded
FNDA:11,_RNvNtCsee7ndyVjG0b_16qtcloud_code_cli6config13load_contract
FNDA:11,_RNvNtCsee7ndyVjG0b_16qtcloud_code_cli6config21resolve_enabled_rules
FNDA:5,_RNvNtCskiAP0IJDdks_16qtcloud_code_cli6config11is_excluded
FNDA:4,_RNvNtCskiAP0IJDdks_16qtcloud_code_cli6config21resolve_enabled_rules
FNDA:1,_RNvNtNtCskiAP0IJDdks_16qtcloud_code_cli6config5testss_22test_default_all_rules
FNDA:1,_RNvNtNtCskiAP0IJDdks_16qtcloud_code_cli6config5testss_29test_config_rules_when_no_cli
FNDA:1,_RNvNtNtCskiAP0IJDdks_16qtcloud_code_cli6config5testss_30test_cli_rules_take_precedence
FNDA:1,_RNvNtNtCskiAP0IJDdks_16qtcloud_code_cli6config5testss_31test_config_without_rules_field
FNDA:1,_RNCNvNtCskiAP0IJDdks_16qtcloud_code_cli6config11is_excluded0B5_
FNDA:3,_RNCNvNtCskiAP0IJDdks_16qtcloud_code_cli6config21resolve_enabled_rules0B5_
FNDA:0,_RNCNvNtCskiAP0IJDdks_16qtcloud_code_cli6config13load_contract0B5_
FNDA:0,_RNvNtCskiAP0IJDdks_16qtcloud_code_cli6config13load_contract
FNF:10
FNH:10
DA:16,126
DA:17,126
DA:18,121
DA:19,121
DA:20,461
DA:21,461
DA:22,112
DA:23,349
DA:24,0
DA:26,349
DA:28,461
DA:29,126
DA:31,11
DA:32,11
DA:33,17
DA:34,15
DA:35,15
DA:36,9
DA:37,9
DA:38,9
DA:39,6
DA:40,6
DA:42,2
DA:43,11
DA:45,15
DA:46,15
DA:47,15
DA:48,15
DA:49,15
DA:50,15
DA:51,6
DA:52,9
DA:54,9
DA:55,6
DA:56,5
DA:57,1
DA:58,4
DA:59,1
DA:60,3
DA:62,45
DA:63,15
DA:70,1
DA:71,1
DA:72,1
DA:73,1
DA:74,1
DA:75,1
DA:76,1
DA:77,1
DA:78,1
DA:79,1
DA:80,1
DA:81,1
DA:84,1
DA:85,1
DA:86,1
DA:87,1
DA:88,1
DA:89,1
DA:90,1
DA:91,1
DA:92,1
DA:93,1
DA:94,1
DA:95,1
DA:98,1
DA:99,1
DA:100,1
DA:101,1
DA:102,1
DA:103,1
DA:104,1
DA:107,1
DA:108,1
DA:109,1
DA:110,1
DA:111,1
DA:112,1
DA:113,1
BRF:0
BRH:0
LF:82
LH:80
end_of_record
SF:/home/iguo/repos/quanttide/domains/quanttide-code/examples/default/src/detect/dead_code.rs
FN:59,_RNvNtNtCsee7ndyVjG0b_16qtcloud_code_cli6detect9dead_code15check_dead_code
FN:38,_RINvNtNtCsee7ndyVjG0b_16qtcloud_code_cli6detect9dead_code8walk_allNCNvB2_15check_dead_code0EB6_
FN:38,_RINvNtNtCsee7ndyVjG0b_16qtcloud_code_cli6detect9dead_code8walk_allNCNvB2_15check_dead_codes_0EB6_
FN:65,_RNCNCNvNtNtCsee7ndyVjG0b_16qtcloud_code_cli6detect9dead_code15check_dead_code00B9_
FN:75,_RNCNCNvNtNtCsee7ndyVjG0b_16qtcloud_code_cli6detect9dead_code15check_dead_codes_00B9_
FN:86,_RNCNCNvNtNtCsee7ndyVjG0b_16qtcloud_code_cli6detect9dead_code15check_dead_codes_0s_0B9_
FN:62,_RNCNvNtNtCsee7ndyVjG0b_16qtcloud_code_cli6detect9dead_code15check_dead_code0B7_
FN:96,_RNCNvNtNtCsee7ndyVjG0b_16qtcloud_code_cli6detect9dead_code15check_dead_codes0_0B7_
FN:97,_RNCNvNtNtCsee7ndyVjG0b_16qtcloud_code_cli6detect9dead_code15check_dead_codes1_0B7_
FN:72,_RNCNvNtNtCsee7ndyVjG0b_16qtcloud_code_cli6detect9dead_code15check_dead_codes_0B7_
FN:5,_RNvNtNtNtCskiAP0IJDdks_16qtcloud_code_cli6detect9dead_code5tests10parse_rust
FN:22,_RNvNtNtNtCskiAP0IJDdks_16qtcloud_code_cli6detect9dead_code5testss_20test_dead_code_empty
FN:29,_RNvNtNtNtCskiAP0IJDdks_16qtcloud_code_cli6detect9dead_code5testss_24test_walk_all_terminates
FN:13,_RNvNtNtNtCskiAP0IJDdks_16qtcloud_code_cli6detect9dead_code5testss_29test_dead_code_detects_unused
FN:59,_RNvNtNtCskiAP0IJDdks_16qtcloud_code_cli6detect9dead_code15check_dead_code
FN:38,_RINvNtNtCskiAP0IJDdks_16qtcloud_code_cli6detect9dead_code8walk_allNCNvB2_15check_dead_code0EB6_
FN:38,_RINvNtNtCskiAP0IJDdks_16qtcloud_code_cli6detect9dead_code8walk_allNCNvB2_15check_dead_codes_0EB6_
FN:38,_RINvNtNtCskiAP0IJDdks_16qtcloud_code_cli6detect9dead_code8walk_allNCNvNtB2_5testss_24test_walk_all_terminates0EB6_
FN:65,_RNCNCNvNtNtCskiAP0IJDdks_16qtcloud_code_cli6detect9dead_code15check_dead_code00B9_
FN:75,_RNCNCNvNtNtCskiAP0IJDdks_16qtcloud_code_cli6detect9dead_code15check_dead_codes_00B9_
FN:86,_RNCNCNvNtNtCskiAP0IJDdks_16qtcloud_code_cli6detect9dead_code15check_dead_codes_0s_0B9_
FN:62,_RNCNvNtNtCskiAP0IJDdks_16qtcloud_code_cli6detect9dead_code15check_dead_code0B7_
FN:96,_RNCNvNtNtCskiAP0IJDdks_16qtcloud_code_cli6detect9dead_code15check_dead_codes0_0B7_
FN:97,_RNCNvNtNtCskiAP0IJDdks_16qtcloud_code_cli6detect9dead_code15check_dead_codes1_0B7_
FN:72,_RNCNvNtNtCskiAP0IJDdks_16qtcloud_code_cli6detect9dead_code15check_dead_codes_0B7_
FNDA:181,_RNvNtNtCsee7ndyVjG0b_16qtcloud_code_cli6detect9dead_code15check_dead_code
FNDA:237560,_RINvNtNtCsee7ndyVjG0b_16qtcloud_code_cli6detect9dead_code8walk_allNCNvB2_15check_dead_code0EB6_
FNDA:237560,_RINvNtNtCsee7ndyVjG0b_16qtcloud_code_cli6detect9dead_code8walk_allNCNvB2_15check_dead_codes_0EB6_
FNDA:1281,_RNCNCNvNtNtCsee7ndyVjG0b_16qtcloud_code_cli6detect9dead_code15check_dead_code00B9_
FNDA:0,_RNCNCNvNtNtCsee7ndyVjG0b_16qtcloud_code_cli6detect9dead_code15check_dead_codes_00B9_
FNDA:9855,_RNCNCNvNtNtCsee7ndyVjG0b_16qtcloud_code_cli6detect9dead_code15check_dead_codes_0s_0B9_
FNDA:237560,_RNCNvNtNtCsee7ndyVjG0b_16qtcloud_code_cli6detect9dead_code15check_dead_code0B7_
FNDA:1281,_RNCNvNtNtCsee7ndyVjG0b_16qtcloud_code_cli6detect9dead_code15check_dead_codes0_0B7_
FNDA:801,_RNCNvNtNtCsee7ndyVjG0b_16qtcloud_code_cli6detect9dead_code15check_dead_codes1_0B7_
FNDA:237560,_RNCNvNtNtCsee7ndyVjG0b_16qtcloud_code_cli6detect9dead_code15check_dead_codes_0B7_
FNDA:3,_RNvNtNtNtCskiAP0IJDdks_16qtcloud_code_cli6detect9dead_code5tests10parse_rust
FNDA:1,_RNvNtNtNtCskiAP0IJDdks_16qtcloud_code_cli6detect9dead_code5testss_20test_dead_code_empty
FNDA:1,_RNvNtNtNtCskiAP0IJDdks_16qtcloud_code_cli6detect9dead_code5testss_24test_walk_all_terminates
FNDA:1,_RNvNtNtNtCskiAP0IJDdks_16qtcloud_code_cli6detect9dead_code5testss_29test_dead_code_detects_unused
FNDA:2,_RNvNtNtCskiAP0IJDdks_16qtcloud_code_cli6detect9dead_code15check_dead_code
FNDA:36,_RINvNtNtCskiAP0IJDdks_16qtcloud_code_cli6detect9dead_code8walk_allNCNvB2_15check_dead_code0EB6_
FNDA:36,_RINvNtNtCskiAP0IJDdks_16qtcloud_code_cli6detect9dead_code8walk_allNCNvB2_15check_dead_codes_0EB6_
FNDA:19,_RINvNtNtCskiAP0IJDdks_16qtcloud_code_cli6detect9dead_code8walk_allNCNvNtB2_5testss_24test_walk_all_terminates0EB6_
FNDA:3,_RNCNCNvNtNtCskiAP0IJDdks_16qtcloud_code_cli6detect9dead_code15check_dead_code00B9_
FNDA:0,_RNCNCNvNtNtCskiAP0IJDdks_16qtcloud_code_cli6detect9dead_code15check_dead_codes_00B9_
FNDA:1,_RNCNCNvNtNtCskiAP0IJDdks_16qtcloud_code_cli6detect9dead_code15check_dead_codes_0s_0B9_
FNDA:36,_RNCNvNtNtCskiAP0IJDdks_16qtcloud_code_cli6detect9dead_code15check_dead_code0B7_
FNDA:3,_RNCNvNtNtCskiAP0IJDdks_16qtcloud_code_cli6detect9dead_code15check_dead_codes0_0B7_
FNDA:1,_RNCNvNtNtCskiAP0IJDdks_16qtcloud_code_cli6detect9dead_code15check_dead_codes1_0B7_
FNDA:36,_RNCNvNtNtCskiAP0IJDdks_16qtcloud_code_cli6detect9dead_code15check_dead_codes_0B7_
FNF:13
FNH:12
DA:5,3
DA:6,3
DA:7,3
DA:8,3
DA:9,3
DA:10,3
DA:13,1
DA:14,1
DA:15,1
DA:16,1
DA:17,1
DA:18,0
DA:19,1
DA:22,1
DA:23,1
DA:24,1
DA:25,0
DA:26,1
DA:29,1
DA:30,1
DA:31,1
DA:32,1
DA:33,1
DA:34,0
DA:35,1
DA:38,475211
DA:39,475211
DA:40,475211
DA:41,475211
DA:43,474844
DA:44,474844
DA:46,321208
DA:47,475211
DA:59,183
DA:60,183
DA:61,183
DA:62,237596
DA:63,237596
DA:64,1284
DA:65,1284
DA:66,1284
DA:67,1284
DA:68,1284
DA:69,236312
DA:70,237596
DA:72,237596
DA:73,237596
DA:74,9856
DA:75,9856
DA:76,0
DA:77,0
DA:79,0
DA:80,0
DA:81,0
DA:83,0
DA:84,0
DA:85,0
DA:86,9856
DA:88,127538
DA:89,127538
DA:91,0
DA:92,227740
DA:93,237596
DA:95,183
DA:96,1284
DA:97,802
DA:98,183
DA:99,183
BRF:0
BRH:0
LF:75
LH:62
end_of_record
SF:/home/iguo/repos/quanttide/domains/quanttide-code/examples/default/src/detect/depgraph.rs
FN:129,_RNCNvNtNtCsee7ndyVjG0b_16qtcloud_code_cli6detect8depgraph16collect_rs_files0B7_
FN:131,_RNCNvNtNtCsee7ndyVjG0b_16qtcloud_code_cli6detect8depgraph16collect_rs_filess_0B7_
FN:100,_RNCNvNtNtCsee7ndyVjG0b_16qtcloud_code_cli6detect8depgraph17forward_dep_slice0B7_
FN:101,_RNCNvNtNtCsee7ndyVjG0b_16qtcloud_code_cli6detect8depgraph17forward_dep_slices_0B7_
FN:89,_RNCNvNtNtCsee7ndyVjG0b_16qtcloud_code_cli6detect8depgraph17reverse_dep_slice0B7_
FN:90,_RNCNvNtNtCsee7ndyVjG0b_16qtcloud_code_cli6detect8depgraph17reverse_dep_slices_0B7_
FN:168,_RNCNvNtNtCsee7ndyVjG0b_16qtcloud_code_cli6detect8depgraph5check0B7_
FN:196,_RNCNvNtNtCsee7ndyVjG0b_16qtcloud_code_cli6detect8depgraph5checks0_0B7_
FN:211,_RNCNvNtNtCsee7ndyVjG0b_16qtcloud_code_cli6detect8depgraph5checks1_0B7_
FN:212,_RNCNvNtNtCsee7ndyVjG0b_16qtcloud_code_cli6detect8depgraph5checks2_0B7_
FN:181,_RNCNvNtNtCsee7ndyVjG0b_16qtcloud_code_cli6detect8depgraph5checks_0B7_
FN:18,_RNvNtNtCsee7ndyVjG0b_16qtcloud_code_cli6detect8depgraph15build_dep_graph
FN:124,_RNvNtNtCsee7ndyVjG0b_16qtcloud_code_cli6detect8depgraph16collect_rs_files
FN:98,_RNvNtNtCsee7ndyVjG0b_16qtcloud_code_cli6detect8depgraph17forward_dep_slice
FN:109,_RNvNtNtCsee7ndyVjG0b_16qtcloud_code_cli6detect8depgraph17reverse_dep_chain
FN:87,_RNvNtNtCsee7ndyVjG0b_16qtcloud_code_cli6detect8depgraph17reverse_dep_slice
FN:139,_RNvNtNtCsee7ndyVjG0b_16qtcloud_code_cli6detect8depgraph19file_to_module_path
FN:162,_RNvNtNtCsee7ndyVjG0b_16qtcloud_code_cli6detect8depgraph5check
FN:129,_RNCNvNtNtCskiAP0IJDdks_16qtcloud_code_cli6detect8depgraph16collect_rs_files0B7_
FN:131,_RNCNvNtNtCskiAP0IJDdks_16qtcloud_code_cli6detect8depgraph16collect_rs_filess_0B7_
FN:89,_RNCNvNtNtCskiAP0IJDdks_16qtcloud_code_cli6detect8depgraph17reverse_dep_slice0B7_
FN:90,_RNCNvNtNtCskiAP0IJDdks_16qtcloud_code_cli6detect8depgraph17reverse_dep_slices_0B7_
FN:168,_RNCNvNtNtCskiAP0IJDdks_16qtcloud_code_cli6detect8depgraph5check0B7_
FN:196,_RNCNvNtNtCskiAP0IJDdks_16qtcloud_code_cli6detect8depgraph5checks0_0B7_
FN:211,_RNCNvNtNtCskiAP0IJDdks_16qtcloud_code_cli6detect8depgraph5checks1_0B7_
FN:212,_RNCNvNtNtCskiAP0IJDdks_16qtcloud_code_cli6detect8depgraph5checks2_0B7_
FN:181,_RNCNvNtNtCskiAP0IJDdks_16qtcloud_code_cli6detect8depgraph5checks_0B7_
FN:100,_RNCNvNtNtCskiAP0IJDdks_16qtcloud_code_cli6detect8depgraph17forward_dep_slice0B7_
FN:101,_RNCNvNtNtCskiAP0IJDdks_16qtcloud_code_cli6detect8depgraph17forward_dep_slices_0B7_
FN:98,_RNvNtNtCskiAP0IJDdks_16qtcloud_code_cli6detect8depgraph17forward_dep_slice
FN:109,_RNvNtNtCskiAP0IJDdks_16qtcloud_code_cli6detect8depgraph17reverse_dep_chain
FN:239,_RNvNtNtNtCskiAP0IJDdks_16qtcloud_code_cli6detect8depgraph5testss_10test_cycle
FN:276,_RNvNtNtNtCskiAP0IJDdks_16qtcloud_code_cli6detect8depgraph5testss_16test_build_empty
FN:233,_RNvNtNtNtCskiAP0IJDdks_16qtcloud_code_cli6detect8depgraph5testss_16test_empty_graph
FN:248,_RNvNtNtNtCskiAP0IJDdks_16qtcloud_code_cli6detect8depgraph5testss_16test_high_fan_in
FN:255,_RNvNtNtNtCskiAP0IJDdks_16qtcloud_code_cli6detect8depgraph5testss_16test_reverse_dep
FN:265,_RNvNtNtNtCskiAP0IJDdks_16qtcloud_code_cli6detect8depgraph5testss_26test_build_from_real_files
FN:244,_RNCNvNtNtNtCskiAP0IJDdks_16qtcloud_code_cli6detect8depgraph5testss_10test_cycle0B9_
FN:249,_RNCNvNtNtNtCskiAP0IJDdks_16qtcloud_code_cli6detect8depgraph5testss_16test_high_fan_in0B9_
FN:251,_RNCNvNtNtNtCskiAP0IJDdks_16qtcloud_code_cli6detect8depgraph5testss_16test_high_fan_ins0_0B9_
FN:250,_RNCNvNtNtNtCskiAP0IJDdks_16qtcloud_code_cli6detect8depgraph5testss_16test_high_fan_ins_0B9_
FN:18,_RNvNtNtCskiAP0IJDdks_16qtcloud_code_cli6detect8depgraph15build_dep_graph
FN:124,_RNvNtNtCskiAP0IJDdks_16qtcloud_code_cli6detect8depgraph16collect_rs_files
FN:87,_RNvNtNtCskiAP0IJDdks_16qtcloud_code_cli6detect8depgraph17reverse_dep_slice
FN:139,_RNvNtNtCskiAP0IJDdks_16qtcloud_code_cli6detect8depgraph19file_to_module_path
FN:162,_RNvNtNtCskiAP0IJDdks_16qtcloud_code_cli6detect8depgraph5check
FNDA:30,_RNCNvNtNtCsee7ndyVjG0b_16qtcloud_code_cli6detect8depgraph16collect_rs_files0B7_
FNDA:126,_RNCNvNtNtCsee7ndyVjG0b_16qtcloud_code_cli6detect8depgraph16collect_rs_filess_0B7_
FNDA:0,_RNCNvNtNtCsee7ndyVjG0b_16qtcloud_code_cli6detect8depgraph17forward_dep_slice0B7_
FNDA:0,_RNCNvNtNtCsee7ndyVjG0b_16qtcloud_code_cli6detect8depgraph17forward_dep_slices_0B7_
FNDA:0,_RNCNvNtNtCsee7ndyVjG0b_16qtcloud_code_cli6detect8depgraph17reverse_dep_slice0B7_
FNDA:0,_RNCNvNtNtCsee7ndyVjG0b_16qtcloud_code_cli6detect8depgraph17reverse_dep_slices_0B7_
FNDA:80,_RNCNvNtNtCsee7ndyVjG0b_16qtcloud_code_cli6detect8depgraph5check0B7_
FNDA:460,_RNCNvNtNtCsee7ndyVjG0b_16qtcloud_code_cli6detect8depgraph5checks0_0B7_
FNDA:460,_RNCNvNtNtCsee7ndyVjG0b_16qtcloud_code_cli6detect8depgraph5checks1_0B7_
FNDA:460,_RNCNvNtNtCsee7ndyVjG0b_16qtcloud_code_cli6detect8depgraph5checks2_0B7_
FNDA:480,_RNCNvNtNtCsee7ndyVjG0b_16qtcloud_code_cli6detect8depgraph5checks_0B7_
FNDA:7,_RNvNtNtCsee7ndyVjG0b_16qtcloud_code_cli6detect8depgraph15build_dep_graph
FNDA:31,_RNvNtNtCsee7ndyVjG0b_16qtcloud_code_cli6detect8depgraph16collect_rs_files
FNDA:0,_RNvNtNtCsee7ndyVjG0b_16qtcloud_code_cli6detect8depgraph17forward_dep_slice
FNDA:0,_RNvNtNtCsee7ndyVjG0b_16qtcloud_code_cli6detect8depgraph17reverse_dep_chain
FNDA:0,_RNvNtNtCsee7ndyVjG0b_16qtcloud_code_cli6detect8depgraph17reverse_dep_slice
FNDA:126,_RNvNtNtCsee7ndyVjG0b_16qtcloud_code_cli6detect8depgraph19file_to_module_path
FNDA:7,_RNvNtNtCsee7ndyVjG0b_16qtcloud_code_cli6detect8depgraph5check
FNDA:1,_RNCNvNtNtCskiAP0IJDdks_16qtcloud_code_cli6detect8depgraph16collect_rs_files0B7_
FNDA:2,_RNCNvNtNtCskiAP0IJDdks_16qtcloud_code_cli6detect8depgraph16collect_rs_filess_0B7_
FNDA:2,_RNCNvNtNtCskiAP0IJDdks_16qtcloud_code_cli6detect8depgraph17reverse_dep_slice0B7_
FNDA:2,_RNCNvNtNtCskiAP0IJDdks_16qtcloud_code_cli6detect8depgraph17reverse_dep_slices_0B7_
FNDA:52,_RNCNvNtNtCskiAP0IJDdks_16qtcloud_code_cli6detect8depgraph5check0B7_
FNDA:60,_RNCNvNtNtCskiAP0IJDdks_16qtcloud_code_cli6detect8depgraph5checks0_0B7_
FNDA:60,_RNCNvNtNtCskiAP0IJDdks_16qtcloud_code_cli6detect8depgraph5checks1_0B7_
FNDA:60,_RNCNvNtNtCskiAP0IJDdks_16qtcloud_code_cli6detect8depgraph5checks2_0B7_
FNDA:60,_RNCNvNtNtCskiAP0IJDdks_16qtcloud_code_cli6detect8depgraph5checks_0B7_
FNDA:0,_RNCNvNtNtCskiAP0IJDdks_16qtcloud_code_cli6detect8depgraph17forward_dep_slice0B7_
FNDA:0,_RNCNvNtNtCskiAP0IJDdks_16qtcloud_code_cli6detect8depgraph17forward_dep_slices_0B7_
FNDA:0,_RNvNtNtCskiAP0IJDdks_16qtcloud_code_cli6detect8depgraph17forward_dep_slice
FNDA:0,_RNvNtNtCskiAP0IJDdks_16qtcloud_code_cli6detect8depgraph17reverse_dep_chain
FNDA:1,_RNvNtNtNtCskiAP0IJDdks_16qtcloud_code_cli6detect8depgraph5testss_10test_cycle
FNDA:1,_RNvNtNtNtCskiAP0IJDdks_16qtcloud_code_cli6detect8depgraph5testss_16test_build_empty
FNDA:1,_RNvNtNtNtCskiAP0IJDdks_16qtcloud_code_cli6detect8depgraph5testss_16test_empty_graph
FNDA:1,_RNvNtNtNtCskiAP0IJDdks_16qtcloud_code_cli6detect8depgraph5testss_16test_high_fan_in
FNDA:1,_RNvNtNtNtCskiAP0IJDdks_16qtcloud_code_cli6detect8depgraph5testss_16test_reverse_dep
FNDA:1,_RNvNtNtNtCskiAP0IJDdks_16qtcloud_code_cli6detect8depgraph5testss_26test_build_from_real_files
FNDA:1,_RNCNvNtNtNtCskiAP0IJDdks_16qtcloud_code_cli6detect8depgraph5testss_10test_cycle0B9_
FNDA:8,_RNCNvNtNtNtCskiAP0IJDdks_16qtcloud_code_cli6detect8depgraph5testss_16test_high_fan_in0B9_
FNDA:1,_RNCNvNtNtNtCskiAP0IJDdks_16qtcloud_code_cli6detect8depgraph5testss_16test_high_fan_ins0_0B9_
FNDA:7,_RNCNvNtNtNtCskiAP0IJDdks_16qtcloud_code_cli6detect8depgraph5testss_16test_high_fan_ins_0B9_
FNDA:2,_RNvNtNtCskiAP0IJDdks_16qtcloud_code_cli6detect8depgraph15build_dep_graph
FNDA:2,_RNvNtNtCskiAP0IJDdks_16qtcloud_code_cli6detect8depgraph16collect_rs_files
FNDA:1,_RNvNtNtCskiAP0IJDdks_16qtcloud_code_cli6detect8depgraph17reverse_dep_slice
FNDA:2,_RNvNtNtCskiAP0IJDdks_16qtcloud_code_cli6detect8depgraph19file_to_module_path
FNDA:3,_RNvNtNtCskiAP0IJDdks_16qtcloud_code_cli6detect8depgraph5check
FNF:28
FNH:24
DA:18,9
DA:19,9
DA:20,9
DA:22,9
DA:23,9
DA:26,7
DA:28,128
DA:29,128
DA:30,128
DA:31,0
DA:33,128
DA:34,128
DA:36,16768
DA:37,16768
DA:39,16768
DA:40,0
DA:41,0
DA:42,0
DA:43,0
DA:45,0
DA:47,0
DA:48,0
DA:49,16768
DA:51,16768
DA:52,386
DA:53,386
DA:54,21
DA:55,21
DA:56,21
DA:57,21
DA:58,21
DA:59,365
DA:60,16382
DA:62,16768
DA:63,0
DA:64,0
DA:65,0
DA:66,0
DA:67,0
DA:68,0
DA:69,0
DA:70,0
DA:71,16768
DA:76,21
DA:77,21
DA:78,21
DA:80,7
DA:81,7
DA:83,7
DA:84,9
DA:87,1
DA:88,1
DA:89,2
DA:90,2
DA:91,1
DA:92,1
DA:93,1
DA:94,1
DA:95,1
DA:98,0
DA:99,0
DA:100,0
DA:101,0
DA:102,0
DA:103,0
DA:104,0
DA:105,0
DA:106,0
DA:109,0
DA:110,0
DA:111,0
DA:112,0
DA:113,0
DA:115,0
DA:116,0
DA:117,0
DA:119,0
DA:120,0
DA:124,33
DA:125,33
DA:126,33
DA:127,159
DA:128,159
DA:129,159
DA:130,26
DA:131,133
DA:132,128
DA:133,128
DA:135,0
DA:136,33
DA:137,33
DA:139,128
DA:140,128
DA:141,128
DA:142,128
DA:145,128
DA:147,128
DA:150,128
DA:151,26
DA:152,26
DA:153,102
DA:155,102
DA:156,12
DA:157,90
DA:159,90
DA:160,128
DA:162,10
DA:163,10
DA:164,10
DA:167,29
DA:168,132
DA:169,2
DA:170,2
DA:171,2
DA:172,2
DA:173,2
DA:174,2
DA:175,2
DA:176,27
DA:180,131
DA:181,540
DA:182,131
DA:183,1
DA:184,1
DA:185,1
DA:186,1
DA:187,1
DA:188,1
DA:189,1
DA:190,130
DA:194,131
DA:195,131
DA:196,520
DA:197,125
DA:198,0
DA:199,0
DA:200,0
DA:201,0
DA:202,0
DA:203,0
DA:204,0
DA:205,125
DA:209,131
DA:210,131
DA:211,520
DA:212,520
DA:213,125
DA:214,85
DA:215,85
DA:216,85
DA:217,85
DA:218,85
DA:219,85
DA:220,85
DA:221,85
DA:224,10
DA:225,10
DA:233,1
DA:234,1
DA:235,1
DA:236,1
DA:239,1
DA:240,1
DA:241,1
DA:242,1
DA:243,1
DA:244,1
DA:245,1
DA:248,1
DA:249,8
DA:250,7
DA:251,1
DA:252,1
DA:255,1
DA:256,1
DA:257,1
DA:258,1
DA:259,1
DA:260,1
DA:261,1
DA:262,1
DA:265,1
DA:266,1
DA:267,1
DA:268,1
DA:269,1
DA:270,1
DA:271,1
DA:272,1
DA:273,1
DA:276,1
DA:277,1
DA:278,1
BRF:0
BRH:0
LF:208
LH:156
end_of_record
SF:/home/iguo/repos/quanttide/domains/quanttide-code/examples/default/src/detect/long_function.rs
FN:59,_RNvNtNtCsee7ndyVjG0b_16qtcloud_code_cli6detect13long_function21extract_function_name
FN:78,_RNvNtNtCsee7ndyVjG0b_16qtcloud_code_cli6detect13long_function27find_identifier_in_children
FN:47,_RNvNtNtCsee7ndyVjG0b_16qtcloud_code_cli6detect13long_function8classify
FN:18,_RNvXNtNtCsee7ndyVjG0b_16qtcloud_code_cli6detect13long_functionNtB2_20LongFunctionDetectorNtB4_8Detector11description
FN:22,_RNvXNtNtCsee7ndyVjG0b_16qtcloud_code_cli6detect13long_functionNtB2_20LongFunctionDetectorNtB4_8Detector6detect
FN:14,_RNvXNtNtCsee7ndyVjG0b_16qtcloud_code_cli6detect13long_functionNtB2_20LongFunctionDetectorNtB4_8Detector7rule_id
FN:24,_RNCNvXNtNtCsee7ndyVjG0b_16qtcloud_code_cli6detect13long_functionNtB4_20LongFunctionDetectorNtB6_8Detector6detect0B8_
FN:117,_RNCNvNtNtNtCskiAP0IJDdks_16qtcloud_code_cli6detect13long_function5testss_22test_long_function_may0B9_
FN:141,_RNCNvNtNtNtCskiAP0IJDdks_16qtcloud_code_cli6detect13long_function5testss_33test_dart_function_name_extracted0B9_
FN:59,_RNvNtNtCskiAP0IJDdks_16qtcloud_code_cli6detect13long_function21extract_function_name
FN:78,_RNvNtNtCskiAP0IJDdks_16qtcloud_code_cli6detect13long_function27find_identifier_in_children
FN:47,_RNvNtNtCskiAP0IJDdks_16qtcloud_code_cli6detect13long_function8classify
FN:22,_RNvXNtNtCskiAP0IJDdks_16qtcloud_code_cli6detect13long_functionNtB2_20LongFunctionDetectorNtB4_8Detector6detect
FN:14,_RNvXNtNtCskiAP0IJDdks_16qtcloud_code_cli6detect13long_functionNtB2_20LongFunctionDetectorNtB4_8Detector7rule_id
FN:18,_RNvXNtNtCskiAP0IJDdks_16qtcloud_code_cli6detect13long_functionNtB2_20LongFunctionDetectorNtB4_8Detector11description
FN:24,_RNCNvXNtNtCskiAP0IJDdks_16qtcloud_code_cli6detect13long_functionNtB4_20LongFunctionDetectorNtB6_8Detector6detect0B8_
FN:101,_RNvNtNtNtCskiAP0IJDdks_16qtcloud_code_cli6detect13long_function5tests14make_rust_tree
FN:127,_RNvNtNtNtCskiAP0IJDdks_16qtcloud_code_cli6detect13long_function5testss_13test_classify
FN:116,_RNvNtNtNtCskiAP0IJDdks_16qtcloud_code_cli6detect13long_function5testss_22test_long_function_may
FN:109,_RNvNtNtNtCskiAP0IJDdks_16qtcloud_code_cli6detect13long_function5testss_30test_short_function_no_finding
FN:138,_RNvNtNtNtCskiAP0IJDdks_16qtcloud_code_cli6detect13long_function5testss_33test_dart_function_name_extracted
FNDA:96,_RNvNtNtCsee7ndyVjG0b_16qtcloud_code_cli6detect13long_function21extract_function_name
FNDA:96,_RNvNtNtCsee7ndyVjG0b_16qtcloud_code_cli6detect13long_function27find_identifier_in_children
FNDA:1537,_RNvNtNtCsee7ndyVjG0b_16qtcloud_code_cli6detect13long_function8classify
FNDA:1,_RNvXNtNtCsee7ndyVjG0b_16qtcloud_code_cli6detect13long_functionNtB2_20LongFunctionDetectorNtB4_8Detector11description
FNDA:217,_RNvXNtNtCsee7ndyVjG0b_16qtcloud_code_cli6detect13long_functionNtB2_20LongFunctionDetectorNtB4_8Detector6detect
FNDA:119,_RNvXNtNtCsee7ndyVjG0b_16qtcloud_code_cli6detect13long_functionNtB2_20LongFunctionDetectorNtB4_8Detector7rule_id
FNDA:285069,_RNCNvXNtNtCsee7ndyVjG0b_16qtcloud_code_cli6detect13long_functionNtB4_20LongFunctionDetectorNtB6_8Detector6detect0B8_
FNDA:35,_RNCNvNtNtNtCskiAP0IJDdks_16qtcloud_code_cli6detect13long_function5testss_22test_long_function_may0B9_
FNDA:33,_RNCNvNtNtNtCskiAP0IJDdks_16qtcloud_code_cli6detect13long_function5testss_33test_dart_function_name_extracted0B9_
FNDA:2,_RNvNtNtCskiAP0IJDdks_16qtcloud_code_cli6detect13long_function21extract_function_name
FNDA:3,_RNvNtNtCskiAP0IJDdks_16qtcloud_code_cli6detect13long_function27find_identifier_in_children
FNDA:10,_RNvNtNtCskiAP0IJDdks_16qtcloud_code_cli6detect13long_function8classify
FNDA:3,_RNvXNtNtCskiAP0IJDdks_16qtcloud_code_cli6detect13long_functionNtB2_20LongFunctionDetectorNtB4_8Detector6detect
FNDA:2,_RNvXNtNtCskiAP0IJDdks_16qtcloud_code_cli6detect13long_functionNtB2_20LongFunctionDetectorNtB4_8Detector7rule_id
FNDA:0,_RNvXNtNtCskiAP0IJDdks_16qtcloud_code_cli6detect13long_functionNtB2_20LongFunctionDetectorNtB4_8Detector11description
FNDA:474,_RNCNvXNtNtCskiAP0IJDdks_16qtcloud_code_cli6detect13long_functionNtB4_20LongFunctionDetectorNtB6_8Detector6detect0B8_
FNDA:2,_RNvNtNtNtCskiAP0IJDdks_16qtcloud_code_cli6detect13long_function5tests14make_rust_tree
FNDA:1,_RNvNtNtNtCskiAP0IJDdks_16qtcloud_code_cli6detect13long_function5testss_13test_classify
FNDA:1,_RNvNtNtNtCskiAP0IJDdks_16qtcloud_code_cli6detect13long_function5testss_22test_long_function_may
FNDA:1,_RNvNtNtNtCskiAP0IJDdks_16qtcloud_code_cli6detect13long_function5testss_30test_short_function_no_finding
FNDA:1,_RNvNtNtNtCskiAP0IJDdks_16qtcloud_code_cli6detect13long_function5testss_33test_dart_function_name_extracted
FNF:14
FNH:14
DA:14,121
DA:15,121
DA:16,121
DA:18,1
DA:19,1
DA:20,1
DA:22,220
DA:23,220
DA:24,285543
DA:25,285543
DA:26,1540
DA:27,1540
DA:28,1540
DA:30,1540
DA:31,98
DA:32,98
DA:33,98
DA:34,98
DA:35,98
DA:36,98
DA:37,98
DA:38,98
DA:39,98
DA:40,1442
DA:41,284003
DA:42,285543
DA:43,220
DA:44,220
DA:47,1547
DA:48,1547
DA:49,7
DA:50,1540
DA:51,50
DA:52,1490
DA:53,46
DA:55,1444
DA:57,1547
DA:59,98
DA:60,98
DA:61,97
DA:62,1
DA:63,1
DA:64,1
DA:66,1
DA:67,1
DA:68,1
DA:69,0
DA:70,0
DA:71,0
DA:72,0
DA:74,0
DA:75,0
DA:76,98
DA:78,99
DA:79,99
DA:80,99
DA:82,252
DA:83,252
DA:84,98
DA:85,98
DA:86,0
DA:87,154
DA:88,154
DA:89,1
DA:90,153
DA:92,0
DA:93,1
DA:94,99
DA:101,2
DA:102,2
DA:103,2
DA:104,2
DA:105,2
DA:106,2
DA:109,1
DA:110,1
DA:111,1
DA:112,1
DA:113,1
DA:116,1
DA:117,35
DA:118,1
DA:119,1
DA:120,1
DA:121,1
DA:122,1
DA:123,1
DA:124,1
DA:127,1
DA:128,1
DA:129,1
DA:130,1
DA:131,1
DA:132,1
DA:133,1
DA:134,1
DA:135,1
DA:138,1
DA:139,1
DA:140,1
DA:141,33
DA:142,1
DA:143,1
DA:144,1
DA:145,1
DA:146,1
DA:147,1
DA:148,1
BRF:0
BRH:0
LF:111
LH:103
end_of_record
SF:/home/iguo/repos/quanttide/domains/quanttide-code/examples/default/src/detect/long_parameter_list.rs
FN:68,_RNvNtNtCsee7ndyVjG0b_16qtcloud_code_cli6detect19long_parameter_list12count_params
FN:47,_RNvNtNtCsee7ndyVjG0b_16qtcloud_code_cli6detect19long_parameter_list20find_parameters_node
FN:121,_RNvNtNtCsee7ndyVjG0b_16qtcloud_code_cli6detect19long_parameter_list21extract_function_name
FN:92,_RNvNtNtCsee7ndyVjG0b_16qtcloud_code_cli6detect19long_parameter_list25count_identifiers_in_node
FN:140,_RNvNtNtCsee7ndyVjG0b_16qtcloud_code_cli6detect19long_parameter_list27find_identifier_in_children
FN:109,_RNvNtNtCsee7ndyVjG0b_16qtcloud_code_cli6detect19long_parameter_list8classify
FN:18,_RNvXNtNtCsee7ndyVjG0b_16qtcloud_code_cli6detect19long_parameter_listNtB2_25LongParameterListDetectorNtB4_8Detector11description
FN:22,_RNvXNtNtCsee7ndyVjG0b_16qtcloud_code_cli6detect19long_parameter_listNtB2_25LongParameterListDetectorNtB4_8Detector6detect
FN:14,_RNvXNtNtCsee7ndyVjG0b_16qtcloud_code_cli6detect19long_parameter_listNtB2_25LongParameterListDetectorNtB4_8Detector7rule_id
FN:27,_RNCNCNvXNtNtCsee7ndyVjG0b_16qtcloud_code_cli6detect19long_parameter_listNtB6_25LongParameterListDetectorNtB8_8Detector6detect00Ba_
FN:24,_RNCNvXNtNtCsee7ndyVjG0b_16qtcloud_code_cli6detect19long_parameter_listNtB4_25LongParameterListDetectorNtB6_8Detector6detect0B8_
FN:68,_RNvNtNtCskiAP0IJDdks_16qtcloud_code_cli6detect19long_parameter_list12count_params
FN:47,_RNvNtNtCskiAP0IJDdks_16qtcloud_code_cli6detect19long_parameter_list20find_parameters_node
FN:121,_RNvNtNtCskiAP0IJDdks_16qtcloud_code_cli6detect19long_parameter_list21extract_function_name
FN:92,_RNvNtNtCskiAP0IJDdks_16qtcloud_code_cli6detect19long_parameter_list25count_identifiers_in_node
FN:140,_RNvNtNtCskiAP0IJDdks_16qtcloud_code_cli6detect19long_parameter_list27find_identifier_in_children
FN:109,_RNvNtNtCskiAP0IJDdks_16qtcloud_code_cli6detect19long_parameter_list8classify
FN:22,_RNvXNtNtCskiAP0IJDdks_16qtcloud_code_cli6detect19long_parameter_listNtB2_25LongParameterListDetectorNtB4_8Detector6detect
FN:14,_RNvXNtNtCskiAP0IJDdks_16qtcloud_code_cli6detect19long_parameter_listNtB2_25LongParameterListDetectorNtB4_8Detector7rule_id
FN:18,_RNvXNtNtCskiAP0IJDdks_16qtcloud_code_cli6detect19long_parameter_listNtB2_25LongParameterListDetectorNtB4_8Detector11description
FN:27,_RNCNCNvXNtNtCskiAP0IJDdks_16qtcloud_code_cli6detect19long_parameter_listNtB6_25LongParameterListDetectorNtB8_8Detector6detect00Ba_
FN:24,_RNCNvXNtNtCskiAP0IJDdks_16qtcloud_code_cli6detect19long_parameter_listNtB4_25LongParameterListDetectorNtB6_8Detector6detect0B8_
FN:163,_RNvNtNtNtCskiAP0IJDdks_16qtcloud_code_cli6detect19long_parameter_list5tests14make_rust_tree
FN:186,_RNvNtNtNtCskiAP0IJDdks_16qtcloud_code_cli6detect19long_parameter_list5testss_13test_classify
FN:208,_RNvNtNtNtCskiAP0IJDdks_16qtcloud_code_cli6detect19long_parameter_list5testss_19test_go_many_params
FN:229,_RNvNtNtNtCskiAP0IJDdks_16qtcloud_code_cli6detect19long_parameter_list5testss_21test_dart_many_params
FN:178,_RNvNtNtNtCskiAP0IJDdks_16qtcloud_code_cli6detect19long_parameter_list5testss_23test_many_params_should
FN:197,_RNvNtNtNtCskiAP0IJDdks_16qtcloud_code_cli6detect19long_parameter_list5testss_23test_python_many_params
FN:171,_RNvNtNtNtCskiAP0IJDdks_16qtcloud_code_cli6detect19long_parameter_list5testss_26test_few_params_no_finding
FN:219,_RNvNtNtNtCskiAP0IJDdks_16qtcloud_code_cli6detect19long_parameter_list5testss_30test_go_few_params_shared_type
FN:240,_RNvNtNtNtCskiAP0IJDdks_16qtcloud_code_cli6detect19long_parameter_list5testss_31test_dart_few_params_no_finding
FNDA:1281,_RNvNtNtCsee7ndyVjG0b_16qtcloud_code_cli6detect19long_parameter_list12count_params
FNDA:1281,_RNvNtNtCsee7ndyVjG0b_16qtcloud_code_cli6detect19long_parameter_list20find_parameters_node
FNDA:15,_RNvNtNtCsee7ndyVjG0b_16qtcloud_code_cli6detect19long_parameter_list21extract_function_name
FNDA:0,_RNvNtNtCsee7ndyVjG0b_16qtcloud_code_cli6detect19long_parameter_list25count_identifiers_in_node
FNDA:15,_RNvNtNtCsee7ndyVjG0b_16qtcloud_code_cli6detect19long_parameter_list27find_identifier_in_children
FNDA:1281,_RNvNtNtCsee7ndyVjG0b_16qtcloud_code_cli6detect19long_parameter_list8classify
FNDA:1,_RNvXNtNtCsee7ndyVjG0b_16qtcloud_code_cli6detect19long_parameter_listNtB2_25LongParameterListDetectorNtB4_8Detector11description
FNDA:181,_RNvXNtNtCsee7ndyVjG0b_16qtcloud_code_cli6detect19long_parameter_listNtB2_25LongParameterListDetectorNtB4_8Detector6detect
FNDA:38,_RNvXNtNtCsee7ndyVjG0b_16qtcloud_code_cli6detect19long_parameter_listNtB2_25LongParameterListDetectorNtB4_8Detector7rule_id
FNDA:1281,_RNCNCNvXNtNtCsee7ndyVjG0b_16qtcloud_code_cli6detect19long_parameter_listNtB6_25LongParameterListDetectorNtB8_8Detector6detect00Ba_
FNDA:237560,_RNCNvXNtNtCsee7ndyVjG0b_16qtcloud_code_cli6detect19long_parameter_listNtB4_25LongParameterListDetectorNtB6_8Detector6detect0B8_
FNDA:7,_RNvNtNtCskiAP0IJDdks_16qtcloud_code_cli6detect19long_parameter_list12count_params
FNDA:7,_RNvNtNtCskiAP0IJDdks_16qtcloud_code_cli6detect19long_parameter_list20find_parameters_node
FNDA:4,_RNvNtNtCskiAP0IJDdks_16qtcloud_code_cli6detect19long_parameter_list21extract_function_name
FNDA:2,_RNvNtNtCskiAP0IJDdks_16qtcloud_code_cli6detect19long_parameter_list25count_identifiers_in_node
FNDA:5,_RNvNtNtCskiAP0IJDdks_16qtcloud_code_cli6detect19long_parameter_list27find_identifier_in_children
FNDA:14,_RNvNtNtCskiAP0IJDdks_16qtcloud_code_cli6detect19long_parameter_list8classify
FNDA:7,_RNvXNtNtCskiAP0IJDdks_16qtcloud_code_cli6detect19long_parameter_listNtB2_25LongParameterListDetectorNtB4_8Detector6detect
FNDA:4,_RNvXNtNtCskiAP0IJDdks_16qtcloud_code_cli6detect19long_parameter_listNtB2_25LongParameterListDetectorNtB4_8Detector7rule_id
FNDA:0,_RNvXNtNtCskiAP0IJDdks_16qtcloud_code_cli6detect19long_parameter_listNtB2_25LongParameterListDetectorNtB4_8Detector11description
FNDA:7,_RNCNCNvXNtNtCskiAP0IJDdks_16qtcloud_code_cli6detect19long_parameter_listNtB6_25LongParameterListDetectorNtB8_8Detector6detect00Ba_
FNDA:184,_RNCNvXNtNtCskiAP0IJDdks_16qtcloud_code_cli6detect19long_parameter_listNtB4_25LongParameterListDetectorNtB6_8Detector6detect0B8_
FNDA:2,_RNvNtNtNtCskiAP0IJDdks_16qtcloud_code_cli6detect19long_parameter_list5tests14make_rust_tree
FNDA:1,_RNvNtNtNtCskiAP0IJDdks_16qtcloud_code_cli6detect19long_parameter_list5testss_13test_classify
FNDA:1,_RNvNtNtNtCskiAP0IJDdks_16qtcloud_code_cli6detect19long_parameter_list5testss_19test_go_many_params
FNDA:1,_RNvNtNtNtCskiAP0IJDdks_16qtcloud_code_cli6detect19long_parameter_list5testss_21test_dart_many_params
FNDA:1,_RNvNtNtNtCskiAP0IJDdks_16qtcloud_code_cli6detect19long_parameter_list5testss_23test_many_params_should
FNDA:1,_RNvNtNtNtCskiAP0IJDdks_16qtcloud_code_cli6detect19long_parameter_list5testss_23test_python_many_params
FNDA:1,_RNvNtNtNtCskiAP0IJDdks_16qtcloud_code_cli6detect19long_parameter_list5testss_26test_few_params_no_finding
FNDA:1,_RNvNtNtNtCskiAP0IJDdks_16qtcloud_code_cli6detect19long_parameter_list5testss_30test_go_few_params_shared_type
FNDA:1,_RNvNtNtNtCskiAP0IJDdks_16qtcloud_code_cli6detect19long_parameter_list5testss_31test_dart_few_params_no_finding
FNF:20
FNH:20
DA:14,42
DA:15,42
DA:16,42
DA:18,1
DA:19,1
DA:20,1
DA:22,188
DA:23,188
DA:24,237744
DA:25,237744
DA:26,1288
DA:27,1288
DA:28,1288
DA:30,1288
DA:31,19
DA:32,19
DA:33,19
DA:34,19
DA:35,19
DA:36,19
DA:37,19
DA:38,19
DA:39,19
DA:40,1269
DA:41,236456
DA:42,237744
DA:43,188
DA:44,188
DA:47,1288
DA:48,1288
DA:49,1286
DA:50,2
DA:51,2
DA:52,2
DA:54,2
DA:55,2
DA:56,2
DA:57,2
DA:58,0
DA:59,0
DA:60,0
DA:61,0
DA:62,0
DA:64,0
DA:65,0
DA:66,1288
DA:68,1288
DA:69,1288
DA:70,1288
DA:71,1288
DA:72,1288
DA:74,4413
DA:75,4413
DA:76,2
DA:77,2
DA:78,4411
DA:79,1205
DA:80,3206
DA:81,4413
DA:82,1288
DA:83,3125
DA:85,0
DA:86,1288
DA:87,1286
DA:88,1286
DA:89,1288
DA:90,1288
DA:92,2
DA:93,2
DA:94,2
DA:95,2
DA:97,18
DA:98,18
DA:99,9
DA:100,9
DA:101,18
DA:102,2
DA:103,16
DA:105,0
DA:106,2
DA:107,2
DA:109,1295
DA:110,1295
DA:111,1
DA:112,1294
DA:113,11
DA:114,1283
DA:115,12
DA:117,1271
DA:119,1295
DA:121,19
DA:122,19
DA:123,18
DA:124,1
DA:125,1
DA:126,1
DA:128,1
DA:129,1
DA:130,1
DA:131,0
DA:132,0
DA:133,0
DA:134,0
DA:136,0
DA:137,0
DA:138,19
DA:140,20
DA:141,20
DA:142,20
DA:144,40
DA:145,40
DA:146,19
DA:147,19
DA:148,0
DA:149,21
DA:150,21
DA:151,1
DA:152,20
DA:154,0
DA:155,1
DA:156,20
DA:163,2
DA:164,2
DA:165,2
DA:166,2
DA:167,2
DA:168,2
DA:171,1
DA:172,1
DA:173,1
DA:174,1
DA:175,1
DA:178,1
DA:179,1
DA:180,1
DA:181,1
DA:182,1
DA:183,1
DA:186,1
DA:187,1
DA:188,1
DA:189,1
DA:190,1
DA:191,1
DA:192,1
DA:193,1
DA:194,1
DA:197,1
DA:198,1
DA:199,1
DA:200,1
DA:201,1
DA:202,1
DA:203,1
DA:204,1
DA:205,1
DA:208,1
DA:209,1
DA:210,1
DA:211,1
DA:212,1
DA:213,1
DA:214,1
DA:215,1
DA:216,1
DA:219,1
DA:220,1
DA:221,1
DA:222,1
DA:223,1
DA:224,1
DA:225,1
DA:226,1
DA:229,1
DA:230,1
DA:231,1
DA:232,1
DA:233,1
DA:234,1
DA:235,1
DA:236,1
DA:237,1
DA:240,1
DA:241,1
DA:242,1
DA:243,1
DA:244,1
DA:245,1
DA:246,1
DA:247,1
BRF:0
BRH:0
LF:192
LH:175
end_of_record
SF:/home/iguo/repos/quanttide/domains/quanttide-code/examples/default/src/detect/mod.rs
FN:26,_RINvNtCsee7ndyVjG0b_16qtcloud_code_cli6detect9walk_treeNCNvXNtB2_12unsafe_blockNtBW_19UnsafeBlockDetectorNtB2_8Detector6detect0EB4_
FN:26,_RINvNtCsee7ndyVjG0b_16qtcloud_code_cli6detect9walk_treeNCNvXNtB2_13long_functionNtBW_20LongFunctionDetectorNtB2_8Detector6detect0EB4_
FN:26,_RINvNtCsee7ndyVjG0b_16qtcloud_code_cli6detect9walk_treeNCNvXNtB2_19long_parameter_listNtBW_25LongParameterListDetectorNtB2_8Detector6detect0EB4_
FN:26,_RINvNtCskiAP0IJDdks_16qtcloud_code_cli6detect9walk_treeNCNvXNtB2_12unsafe_blockNtBW_19UnsafeBlockDetectorNtB2_8Detector6detect0EB4_
FN:26,_RINvNtCskiAP0IJDdks_16qtcloud_code_cli6detect9walk_treeNCNvXNtB2_13long_functionNtBW_20LongFunctionDetectorNtB2_8Detector6detect0EB4_
FN:26,_RINvNtCskiAP0IJDdks_16qtcloud_code_cli6detect9walk_treeNCNvXNtB2_19long_parameter_listNtBW_25LongParameterListDetectorNtB2_8Detector6detect0EB4_
FNDA:145,_RINvNtCsee7ndyVjG0b_16qtcloud_code_cli6detect9walk_treeNCNvXNtB2_12unsafe_blockNtBW_19UnsafeBlockDetectorNtB2_8Detector6detect0EB4_
FNDA:217,_RINvNtCsee7ndyVjG0b_16qtcloud_code_cli6detect9walk_treeNCNvXNtB2_13long_functionNtBW_20LongFunctionDetectorNtB2_8Detector6detect0EB4_
FNDA:181,_RINvNtCsee7ndyVjG0b_16qtcloud_code_cli6detect9walk_treeNCNvXNtB2_19long_parameter_listNtBW_25LongParameterListDetectorNtB2_8Detector6detect0EB4_
FNDA:2,_RINvNtCskiAP0IJDdks_16qtcloud_code_cli6detect9walk_treeNCNvXNtB2_12unsafe_blockNtBW_19UnsafeBlockDetectorNtB2_8Detector6detect0EB4_
FNDA:3,_RINvNtCskiAP0IJDdks_16qtcloud_code_cli6detect9walk_treeNCNvXNtB2_13long_functionNtBW_20LongFunctionDetectorNtB2_8Detector6detect0EB4_
FNDA:7,_RINvNtCskiAP0IJDdks_16qtcloud_code_cli6detect9walk_treeNCNvXNtB2_19long_parameter_listNtBW_25LongParameterListDetectorNtB2_8Detector6detect0EB4_
FNF:1
FNH:1
DA:26,555
DA:27,555
DA:29,713408
DA:30,713408
DA:31,231157
DA:32,482251
DA:34,713408
DA:35,481696
DA:36,231712
DA:37,231712
DA:38,555
DA:39,231157
DA:42,555
BRF:0
BRH:0
LF:13
LH:13
end_of_record
SF:/home/iguo/repos/quanttide/domains/quanttide-code/examples/default/src/detect/unsafe_block.rs
FN:42,_RNvNtNtCsee7ndyVjG0b_16qtcloud_code_cli6detect12unsafe_block22count_block_statements
FN:71,_RNvNtNtCsee7ndyVjG0b_16qtcloud_code_cli6detect12unsafe_block8classify
FN:16,_RNvXNtNtCsee7ndyVjG0b_16qtcloud_code_cli6detect12unsafe_blockNtB2_19UnsafeBlockDetectorNtB4_8Detector11description
FN:20,_RNvXNtNtCsee7ndyVjG0b_16qtcloud_code_cli6detect12unsafe_blockNtB2_19UnsafeBlockDetectorNtB4_8Detector6detect
FN:12,_RNvXNtNtCsee7ndyVjG0b_16qtcloud_code_cli6detect12unsafe_blockNtB2_19UnsafeBlockDetectorNtB4_8Detector7rule_id
FN:22,_RNCNvXNtNtCsee7ndyVjG0b_16qtcloud_code_cli6detect12unsafe_blockNtB4_19UnsafeBlockDetectorNtB6_8Detector6detect0B8_
FN:42,_RNvNtNtCskiAP0IJDdks_16qtcloud_code_cli6detect12unsafe_block22count_block_statements
FN:71,_RNvNtNtCskiAP0IJDdks_16qtcloud_code_cli6detect12unsafe_block8classify
FN:20,_RNvXNtNtCskiAP0IJDdks_16qtcloud_code_cli6detect12unsafe_blockNtB2_19UnsafeBlockDetectorNtB4_8Detector6detect
FN:12,_RNvXNtNtCskiAP0IJDdks_16qtcloud_code_cli6detect12unsafe_blockNtB2_19UnsafeBlockDetectorNtB4_8Detector7rule_id
FN:22,_RNCNvXNtNtCskiAP0IJDdks_16qtcloud_code_cli6detect12unsafe_blockNtB4_19UnsafeBlockDetectorNtB6_8Detector6detect0B8_
FN:88,_RNvNtNtNtCskiAP0IJDdks_16qtcloud_code_cli6detect12unsafe_block5tests14make_rust_tree
FN:113,_RNvNtNtNtCskiAP0IJDdks_16qtcloud_code_cli6detect12unsafe_block5testss_13test_classify
FN:103,_RNvNtNtNtCskiAP0IJDdks_16qtcloud_code_cli6detect12unsafe_block5testss_23test_wide_unsafe_should
FN:96,_RNvNtNtNtCskiAP0IJDdks_16qtcloud_code_cli6detect12unsafe_block5testss_28test_small_unsafe_no_finding
FN:104,_RNCNvNtNtNtCskiAP0IJDdks_16qtcloud_code_cli6detect12unsafe_block5testss_23test_wide_unsafe_should0B9_
FN:16,_RNvXNtNtCskiAP0IJDdks_16qtcloud_code_cli6detect12unsafe_blockNtB2_19UnsafeBlockDetectorNtB4_8Detector11description
FNDA:0,_RNvNtNtCsee7ndyVjG0b_16qtcloud_code_cli6detect12unsafe_block22count_block_statements
FNDA:0,_RNvNtNtCsee7ndyVjG0b_16qtcloud_code_cli6detect12unsafe_block8classify
FNDA:1,_RNvXNtNtCsee7ndyVjG0b_16qtcloud_code_cli6detect12unsafe_blockNtB2_19UnsafeBlockDetectorNtB4_8Detector11description
FNDA:145,_RNvXNtNtCsee7ndyVjG0b_16qtcloud_code_cli6detect12unsafe_blockNtB2_19UnsafeBlockDetectorNtB4_8Detector6detect
FNDA:23,_RNvXNtNtCsee7ndyVjG0b_16qtcloud_code_cli6detect12unsafe_blockNtB2_19UnsafeBlockDetectorNtB4_8Detector7rule_id
FNDA:190051,_RNCNvXNtNtCsee7ndyVjG0b_16qtcloud_code_cli6detect12unsafe_blockNtB4_19UnsafeBlockDetectorNtB6_8Detector6detect0B8_
FNDA:2,_RNvNtNtCskiAP0IJDdks_16qtcloud_code_cli6detect12unsafe_block22count_block_statements
FNDA:9,_RNvNtNtCskiAP0IJDdks_16qtcloud_code_cli6detect12unsafe_block8classify
FNDA:2,_RNvXNtNtCskiAP0IJDdks_16qtcloud_code_cli6detect12unsafe_blockNtB2_19UnsafeBlockDetectorNtB4_8Detector6detect
FNDA:1,_RNvXNtNtCskiAP0IJDdks_16qtcloud_code_cli6detect12unsafe_blockNtB2_19UnsafeBlockDetectorNtB4_8Detector7rule_id
FNDA:70,_RNCNvXNtNtCskiAP0IJDdks_16qtcloud_code_cli6detect12unsafe_blockNtB4_19UnsafeBlockDetectorNtB6_8Detector6detect0B8_
FNDA:2,_RNvNtNtNtCskiAP0IJDdks_16qtcloud_code_cli6detect12unsafe_block5tests14make_rust_tree
FNDA:1,_RNvNtNtNtCskiAP0IJDdks_16qtcloud_code_cli6detect12unsafe_block5testss_13test_classify
FNDA:1,_RNvNtNtNtCskiAP0IJDdks_16qtcloud_code_cli6detect12unsafe_block5testss_23test_wide_unsafe_should
FNDA:1,_RNvNtNtNtCskiAP0IJDdks_16qtcloud_code_cli6detect12unsafe_block5testss_28test_small_unsafe_no_finding
FNDA:6,_RNCNvNtNtNtCskiAP0IJDdks_16qtcloud_code_cli6detect12unsafe_block5testss_23test_wide_unsafe_should0B9_
FNDA:0,_RNvXNtNtCskiAP0IJDdks_16qtcloud_code_cli6detect12unsafe_blockNtB2_19UnsafeBlockDetectorNtB4_8Detector11description
FNF:11
FNH:11
DA:12,24
DA:13,24
DA:14,24
DA:16,1
DA:17,1
DA:18,1
DA:20,147
DA:21,147
DA:22,190121
DA:23,190121
DA:24,2
DA:25,2
DA:26,1
DA:27,1
DA:28,1
DA:29,1
DA:30,1
DA:31,1
DA:32,1
DA:33,1
DA:34,1
DA:35,1
DA:36,190119
DA:37,190121
DA:38,147
DA:39,147
DA:42,2
DA:43,2
DA:44,2
DA:45,2
DA:46,0
DA:47,2
DA:49,4
DA:50,4
DA:51,2
DA:52,2
DA:54,11
DA:55,11
DA:56,7
DA:57,7
DA:58,11
DA:59,2
DA:60,9
DA:62,0
DA:63,2
DA:64,4
DA:65,2
DA:66,2
DA:68,2
DA:69,2
DA:71,9
DA:72,9
DA:73,1
DA:74,8
DA:75,3
DA:76,5
DA:77,2
DA:79,3
DA:81,9
DA:88,2
DA:89,2
DA:90,2
DA:91,2
DA:92,2
DA:93,2
DA:96,1
DA:97,1
DA:98,1
DA:99,1
DA:100,1
DA:103,1
DA:104,6
DA:105,1
DA:106,1
DA:107,1
DA:108,1
DA:109,1
DA:110,1
DA:113,1
DA:114,1
DA:115,1
DA:116,1
DA:117,1
DA:118,1
DA:119,1
DA:120,1
DA:121,1
BRF:0
BRH:0
LF:89
LH:87
end_of_record
SF:/home/iguo/repos/quanttide/domains/quanttide-code/examples/default/src/detect/unused_variable.rs
FN:11,_RNvNtNtCsee7ndyVjG0b_16qtcloud_code_cli6detect15unused_variable14check_compiler
FN:34,_RNvNtNtCsee7ndyVjG0b_16qtcloud_code_cli6detect15unused_variable22parse_compiler_message
FN:20,_RNCNvNtNtCsee7ndyVjG0b_16qtcloud_code_cli6detect15unused_variable14check_compiler0B7_
FN:109,_RNvNtNtNtCskiAP0IJDdks_16qtcloud_code_cli6detect15unused_variable5testss_27test_parse_non_json_skipped
FN:87,_RNvNtNtNtCskiAP0IJDdks_16qtcloud_code_cli6detect15unused_variable5testss_29test_parse_unused_mut_warning
FN:102,_RNvNtNtNtCskiAP0IJDdks_16qtcloud_code_cli6detect15unused_variable5testss_30test_parse_error_level_skipped
FN:72,_RNvNtNtNtCskiAP0IJDdks_16qtcloud_code_cli6detect15unused_variable5testss_34test_parse_unused_variable_warning
FN:95,_RNvNtNtNtCskiAP0IJDdks_16qtcloud_code_cli6detect15unused_variable5testss_37test_parse_irrelevant_warning_skipped
FN:115,_RNvNtNtNtCskiAP0IJDdks_16qtcloud_code_cli6detect15unused_variable5testss_39test_parse_non_compiler_message_skipped
FN:20,_RNCNvNtNtCskiAP0IJDdks_16qtcloud_code_cli6detect15unused_variable14check_compiler0B7_
FN:11,_RNvNtNtCskiAP0IJDdks_16qtcloud_code_cli6detect15unused_variable14check_compiler
FN:34,_RNvNtNtCskiAP0IJDdks_16qtcloud_code_cli6detect15unused_variable22parse_compiler_message
FNDA:10,_RNvNtNtCsee7ndyVjG0b_16qtcloud_code_cli6detect15unused_variable14check_compiler
FNDA:378,_RNvNtNtCsee7ndyVjG0b_16qtcloud_code_cli6detect15unused_variable22parse_compiler_message
FNDA:0,_RNCNvNtNtCsee7ndyVjG0b_16qtcloud_code_cli6detect15unused_variable14check_compiler0B7_
FNDA:1,_RNvNtNtNtCskiAP0IJDdks_16qtcloud_code_cli6detect15unused_variable5testss_27test_parse_non_json_skipped
FNDA:1,_RNvNtNtNtCskiAP0IJDdks_16qtcloud_code_cli6detect15unused_variable5testss_29test_parse_unused_mut_warning
FNDA:1,_RNvNtNtNtCskiAP0IJDdks_16qtcloud_code_cli6detect15unused_variable5testss_30test_parse_error_level_skipped
FNDA:1,_RNvNtNtNtCskiAP0IJDdks_16qtcloud_code_cli6detect15unused_variable5testss_34test_parse_unused_variable_warning
FNDA:1,_RNvNtNtNtCskiAP0IJDdks_16qtcloud_code_cli6detect15unused_variable5testss_37test_parse_irrelevant_warning_skipped
FNDA:1,_RNvNtNtNtCskiAP0IJDdks_16qtcloud_code_cli6detect15unused_variable5testss_39test_parse_non_compiler_message_skipped
FNDA:0,_RNCNvNtNtCskiAP0IJDdks_16qtcloud_code_cli6detect15unused_variable14check_compiler0B7_
FNDA:0,_RNvNtNtCskiAP0IJDdks_16qtcloud_code_cli6detect15unused_variable14check_compiler
FNDA:6,_RNvNtNtCskiAP0IJDdks_16qtcloud_code_cli6detect15unused_variable22parse_compiler_message
FNF:9
FNH:8
DA:11,10
DA:12,10
DA:13,5
DA:14,5
DA:16,5
DA:17,5
DA:18,5
DA:19,5
DA:20,5
DA:22,5
DA:23,5
DA:25,378
DA:26,378
DA:27,0
DA:28,378
DA:31,5
DA:32,10
DA:34,384
DA:35,384
DA:36,1
DA:37,383
DA:39,383
DA:41,383
DA:42,372
DA:43,11
DA:45,11
DA:46,11
DA:47,9
DA:48,2
DA:50,2
DA:51,2
DA:52,2
DA:53,2
DA:54,2
DA:56,2
DA:57,2
DA:58,2
DA:59,2
DA:60,2
DA:61,2
DA:62,2
DA:63,2
DA:64,384
DA:72,1
DA:73,1
DA:74,1
DA:75,1
DA:76,1
DA:77,1
DA:78,1
DA:79,1
DA:80,1
DA:81,1
DA:82,1
DA:83,1
DA:84,1
DA:87,1
DA:88,1
DA:89,1
DA:90,1
DA:91,1
DA:92,1
DA:95,1
DA:96,1
DA:97,1
DA:98,1
DA:99,1
DA:102,1
DA:103,1
DA:104,1
DA:105,1
DA:106,1
DA:109,1
DA:110,1
DA:111,1
DA:112,1
DA:115,1
DA:116,1
DA:117,1
DA:118,1
DA:119,1
BRF:0
BRH:0
LF:82
LH:80
end_of_record
SF:/home/iguo/repos/quanttide/domains/quanttide-code/examples/default/src/lang/dart.rs
FN:10,_RNvMNtNtCsee7ndyVjG0b_16qtcloud_code_cli4lang4dartNtB2_10DartParser3new
FN:20,_RNvXs_NtNtCsee7ndyVjG0b_16qtcloud_code_cli4lang4dartNtB4_10DartParserNtB6_14LanguageParser13language_name
FN:24,_RNvXs_NtNtCsee7ndyVjG0b_16qtcloud_code_cli4lang4dartNtB4_10DartParserNtB6_14LanguageParser15file_extensions
FN:28,_RNvXs_NtNtCsee7ndyVjG0b_16qtcloud_code_cli4lang4dartNtB4_10DartParserNtB6_14LanguageParser5parse
FN:14,_RNCNvMNtNtCsee7ndyVjG0b_16qtcloud_code_cli4lang4dartNtB4_10DartParser3new0B8_
FN:14,_RNCNvMNtNtCskiAP0IJDdks_16qtcloud_code_cli4lang4dartNtB4_10DartParser3new0B8_
FN:62,_RNvNtNtNtCskiAP0IJDdks_16qtcloud_code_cli4lang4dart5testss_16test_parse_empty
FN:55,_RNvNtNtNtCskiAP0IJDdks_16qtcloud_code_cli4lang4dart5testss_16test_parse_valid
FN:43,_RNvNtNtNtCskiAP0IJDdks_16qtcloud_code_cli4lang4dart5testss_18test_language_name
FN:49,_RNvNtNtNtCskiAP0IJDdks_16qtcloud_code_cli4lang4dart5testss_20test_file_extensions
FN:10,_RNvMNtNtCskiAP0IJDdks_16qtcloud_code_cli4lang4dartNtB2_10DartParser3new
FN:20,_RNvXs_NtNtCskiAP0IJDdks_16qtcloud_code_cli4lang4dartNtB4_10DartParserNtB6_14LanguageParser13language_name
FN:24,_RNvXs_NtNtCskiAP0IJDdks_16qtcloud_code_cli4lang4dartNtB4_10DartParserNtB6_14LanguageParser15file_extensions
FN:28,_RNvXs_NtNtCskiAP0IJDdks_16qtcloud_code_cli4lang4dartNtB4_10DartParserNtB6_14LanguageParser5parse
FNDA:11,_RNvMNtNtCsee7ndyVjG0b_16qtcloud_code_cli4lang4dartNtB2_10DartParser3new
FNDA:0,_RNvXs_NtNtCsee7ndyVjG0b_16qtcloud_code_cli4lang4dartNtB4_10DartParserNtB6_14LanguageParser13language_name
FNDA:62007,_RNvXs_NtNtCsee7ndyVjG0b_16qtcloud_code_cli4lang4dartNtB4_10DartParserNtB6_14LanguageParser15file_extensions
FNDA:0,_RNvXs_NtNtCsee7ndyVjG0b_16qtcloud_code_cli4lang4dartNtB4_10DartParserNtB6_14LanguageParser5parse
FNDA:0,_RNCNvMNtNtCsee7ndyVjG0b_16qtcloud_code_cli4lang4dartNtB4_10DartParser3new0B8_
FNDA:0,_RNCNvMNtNtCskiAP0IJDdks_16qtcloud_code_cli4lang4dartNtB4_10DartParser3new0B8_
FNDA:1,_RNvNtNtNtCskiAP0IJDdks_16qtcloud_code_cli4lang4dart5testss_16test_parse_empty
FNDA:1,_RNvNtNtNtCskiAP0IJDdks_16qtcloud_code_cli4lang4dart5testss_16test_parse_valid
FNDA:1,_RNvNtNtNtCskiAP0IJDdks_16qtcloud_code_cli4lang4dart5testss_18test_language_name
FNDA:1,_RNvNtNtNtCskiAP0IJDdks_16qtcloud_code_cli4lang4dart5testss_20test_file_extensions
FNDA:4,_RNvMNtNtCskiAP0IJDdks_16qtcloud_code_cli4lang4dartNtB2_10DartParser3new
FNDA:1,_RNvXs_NtNtCskiAP0IJDdks_16qtcloud_code_cli4lang4dartNtB4_10DartParserNtB6_14LanguageParser13language_name
FNDA:1,_RNvXs_NtNtCskiAP0IJDdks_16qtcloud_code_cli4lang4dartNtB4_10DartParserNtB6_14LanguageParser15file_extensions
FNDA:2,_RNvXs_NtNtCskiAP0IJDdks_16qtcloud_code_cli4lang4dartNtB4_10DartParserNtB6_14LanguageParser5parse
FNF:9
FNH:8
DA:10,15
DA:11,15
DA:12,15
DA:13,15
DA:14,15
DA:15,15
DA:16,15
DA:20,1
DA:21,1
DA:22,1
DA:24,62008
DA:25,62008
DA:26,62008
DA:28,2
DA:29,2
DA:30,2
DA:31,2
DA:32,2
DA:33,2
DA:34,2
DA:35,2
DA:43,1
DA:44,1
DA:45,1
DA:46,1
DA:49,1
DA:50,1
DA:51,1
DA:52,1
DA:55,1
DA:56,1
DA:57,1
DA:58,1
DA:59,1
DA:62,1
DA:63,1
DA:64,1
DA:65,1
BRF:0
BRH:0
LF:39
LH:38
end_of_record
SF:/home/iguo/repos/quanttide/domains/quanttide-code/examples/default/src/lang/go.rs
FN:14,_RNCNvMNtNtCsee7ndyVjG0b_16qtcloud_code_cli4lang2goNtB4_8GoParser3new0B8_
FN:10,_RNvMNtNtCsee7ndyVjG0b_16qtcloud_code_cli4lang2goNtB2_8GoParser3new
FN:20,_RNvXs_NtNtCsee7ndyVjG0b_16qtcloud_code_cli4lang2goNtB4_8GoParserNtB6_14LanguageParser13language_name
FN:24,_RNvXs_NtNtCsee7ndyVjG0b_16qtcloud_code_cli4lang2goNtB4_8GoParserNtB6_14LanguageParser15file_extensions
FN:28,_RNvXs_NtNtCsee7ndyVjG0b_16qtcloud_code_cli4lang2goNtB4_8GoParserNtB6_14LanguageParser5parse
FN:14,_RNCNvMNtNtCskiAP0IJDdks_16qtcloud_code_cli4lang2goNtB4_8GoParser3new0B8_
FN:62,_RNvNtNtNtCskiAP0IJDdks_16qtcloud_code_cli4lang2go5testss_16test_parse_empty
FN:55,_RNvNtNtNtCskiAP0IJDdks_16qtcloud_code_cli4lang2go5testss_16test_parse_valid
FN:43,_RNvNtNtNtCskiAP0IJDdks_16qtcloud_code_cli4lang2go5testss_18test_language_name
FN:49,_RNvNtNtNtCskiAP0IJDdks_16qtcloud_code_cli4lang2go5testss_20test_file_extensions
FN:10,_RNvMNtNtCskiAP0IJDdks_16qtcloud_code_cli4lang2goNtB2_8GoParser3new
FN:20,_RNvXs_NtNtCskiAP0IJDdks_16qtcloud_code_cli4lang2goNtB4_8GoParserNtB6_14LanguageParser13language_name
FN:24,_RNvXs_NtNtCskiAP0IJDdks_16qtcloud_code_cli4lang2goNtB4_8GoParserNtB6_14LanguageParser15file_extensions
FN:28,_RNvXs_NtNtCskiAP0IJDdks_16qtcloud_code_cli4lang2goNtB4_8GoParserNtB6_14LanguageParser5parse
FNDA:0,_RNCNvMNtNtCsee7ndyVjG0b_16qtcloud_code_cli4lang2goNtB4_8GoParser3new0B8_
FNDA:11,_RNvMNtNtCsee7ndyVjG0b_16qtcloud_code_cli4lang2goNtB2_8GoParser3new
FNDA:0,_RNvXs_NtNtCsee7ndyVjG0b_16qtcloud_code_cli4lang2goNtB4_8GoParserNtB6_14LanguageParser13language_name
FNDA:62007,_RNvXs_NtNtCsee7ndyVjG0b_16qtcloud_code_cli4lang2goNtB4_8GoParserNtB6_14LanguageParser15file_extensions
FNDA:0,_RNvXs_NtNtCsee7ndyVjG0b_16qtcloud_code_cli4lang2goNtB4_8GoParserNtB6_14LanguageParser5parse
FNDA:0,_RNCNvMNtNtCskiAP0IJDdks_16qtcloud_code_cli4lang2goNtB4_8GoParser3new0B8_
FNDA:1,_RNvNtNtNtCskiAP0IJDdks_16qtcloud_code_cli4lang2go5testss_16test_parse_empty
FNDA:1,_RNvNtNtNtCskiAP0IJDdks_16qtcloud_code_cli4lang2go5testss_16test_parse_valid
FNDA:1,_RNvNtNtNtCskiAP0IJDdks_16qtcloud_code_cli4lang2go5testss_18test_language_name
FNDA:1,_RNvNtNtNtCskiAP0IJDdks_16qtcloud_code_cli4lang2go5testss_20test_file_extensions
FNDA:4,_RNvMNtNtCskiAP0IJDdks_16qtcloud_code_cli4lang2goNtB2_8GoParser3new
FNDA:1,_RNvXs_NtNtCskiAP0IJDdks_16qtcloud_code_cli4lang2goNtB4_8GoParserNtB6_14LanguageParser13language_name
FNDA:1,_RNvXs_NtNtCskiAP0IJDdks_16qtcloud_code_cli4lang2goNtB4_8GoParserNtB6_14LanguageParser15file_extensions
FNDA:2,_RNvXs_NtNtCskiAP0IJDdks_16qtcloud_code_cli4lang2goNtB4_8GoParserNtB6_14LanguageParser5parse
FNF:9
FNH:8
DA:10,15
DA:11,15
DA:12,15
DA:13,15
DA:14,15
DA:15,15
DA:16,15
DA:20,1
DA:21,1
DA:22,1
DA:24,62008
DA:25,62008
DA:26,62008
DA:28,2
DA:29,2
DA:30,2
DA:31,2
DA:32,2
DA:33,2
DA:34,2
DA:35,2
DA:43,1
DA:44,1
DA:45,1
DA:46,1
DA:49,1
DA:50,1
DA:51,1
DA:52,1
DA:55,1
DA:56,1
DA:57,1
DA:58,1
DA:59,1
DA:62,1
DA:63,1
DA:64,1
DA:65,1
BRF:0
BRH:0
LF:39
LH:38
end_of_record
SF:/home/iguo/repos/quanttide/domains/quanttide-code/examples/default/src/lang/python.rs
FN:10,_RNvMNtNtCsee7ndyVjG0b_16qtcloud_code_cli4lang6pythonNtB2_12PythonParser3new
FN:20,_RNvXs_NtNtCsee7ndyVjG0b_16qtcloud_code_cli4lang6pythonNtB4_12PythonParserNtB6_14LanguageParser13language_name
FN:24,_RNvXs_NtNtCsee7ndyVjG0b_16qtcloud_code_cli4lang6pythonNtB4_12PythonParserNtB6_14LanguageParser15file_extensions
FN:28,_RNvXs_NtNtCsee7ndyVjG0b_16qtcloud_code_cli4lang6pythonNtB4_12PythonParserNtB6_14LanguageParser5parse
FN:14,_RNCNvMNtNtCsee7ndyVjG0b_16qtcloud_code_cli4lang6pythonNtB4_12PythonParser3new0B8_
FN:10,_RNvMNtNtCskiAP0IJDdks_16qtcloud_code_cli4lang6pythonNtB2_12PythonParser3new
FN:20,_RNvXs_NtNtCskiAP0IJDdks_16qtcloud_code_cli4lang6pythonNtB4_12PythonParserNtB6_14LanguageParser13language_name
FN:24,_RNvXs_NtNtCskiAP0IJDdks_16qtcloud_code_cli4lang6pythonNtB4_12PythonParserNtB6_14LanguageParser15file_extensions
FN:28,_RNvXs_NtNtCskiAP0IJDdks_16qtcloud_code_cli4lang6pythonNtB4_12PythonParserNtB6_14LanguageParser5parse
FN:62,_RNvNtNtNtCskiAP0IJDdks_16qtcloud_code_cli4lang6python5testss_16test_parse_empty
FN:55,_RNvNtNtNtCskiAP0IJDdks_16qtcloud_code_cli4lang6python5testss_16test_parse_valid
FN:43,_RNvNtNtNtCskiAP0IJDdks_16qtcloud_code_cli4lang6python5testss_18test_language_name
FN:49,_RNvNtNtNtCskiAP0IJDdks_16qtcloud_code_cli4lang6python5testss_20test_file_extensions
FN:14,_RNCNvMNtNtCskiAP0IJDdks_16qtcloud_code_cli4lang6pythonNtB4_12PythonParser3new0B8_
FNDA:11,_RNvMNtNtCsee7ndyVjG0b_16qtcloud_code_cli4lang6pythonNtB2_12PythonParser3new
FNDA:0,_RNvXs_NtNtCsee7ndyVjG0b_16qtcloud_code_cli4lang6pythonNtB4_12PythonParserNtB6_14LanguageParser13language_name
FNDA:62007,_RNvXs_NtNtCsee7ndyVjG0b_16qtcloud_code_cli4lang6pythonNtB4_12PythonParserNtB6_14LanguageParser15file_extensions
FNDA:0,_RNvXs_NtNtCsee7ndyVjG0b_16qtcloud_code_cli4lang6pythonNtB4_12PythonParserNtB6_14LanguageParser5parse
FNDA:0,_RNCNvMNtNtCsee7ndyVjG0b_16qtcloud_code_cli4lang6pythonNtB4_12PythonParser3new0B8_
FNDA:4,_RNvMNtNtCskiAP0IJDdks_16qtcloud_code_cli4lang6pythonNtB2_12PythonParser3new
FNDA:1,_RNvXs_NtNtCskiAP0IJDdks_16qtcloud_code_cli4lang6pythonNtB4_12PythonParserNtB6_14LanguageParser13language_name
FNDA:1,_RNvXs_NtNtCskiAP0IJDdks_16qtcloud_code_cli4lang6pythonNtB4_12PythonParserNtB6_14LanguageParser15file_extensions
FNDA:2,_RNvXs_NtNtCskiAP0IJDdks_16qtcloud_code_cli4lang6pythonNtB4_12PythonParserNtB6_14LanguageParser5parse
FNDA:1,_RNvNtNtNtCskiAP0IJDdks_16qtcloud_code_cli4lang6python5testss_16test_parse_empty
FNDA:1,_RNvNtNtNtCskiAP0IJDdks_16qtcloud_code_cli4lang6python5testss_16test_parse_valid
FNDA:1,_RNvNtNtNtCskiAP0IJDdks_16qtcloud_code_cli4lang6python5testss_18test_language_name
FNDA:1,_RNvNtNtNtCskiAP0IJDdks_16qtcloud_code_cli4lang6python5testss_20test_file_extensions
FNDA:0,_RNCNvMNtNtCskiAP0IJDdks_16qtcloud_code_cli4lang6pythonNtB4_12PythonParser3new0B8_
FNF:9
FNH:8
DA:10,15
DA:11,15
DA:12,15
DA:13,15
DA:14,15
DA:15,15
DA:16,15
DA:20,1
DA:21,1
DA:22,1
DA:24,62008
DA:25,62008
DA:26,62008
DA:28,2
DA:29,2
DA:30,2
DA:31,2
DA:32,2
DA:33,2
DA:34,2
DA:35,2
DA:43,1
DA:44,1
DA:45,1
DA:46,1
DA:49,1
DA:50,1
DA:51,1
DA:52,1
DA:55,1
DA:56,1
DA:57,1
DA:58,1
DA:59,1
DA:62,1
DA:63,1
DA:64,1
DA:65,1
BRF:0
BRH:0
LF:39
LH:38
end_of_record
SF:/home/iguo/repos/quanttide/domains/quanttide-code/examples/default/src/lang/rust.rs
FN:10,_RNvMNtNtCsee7ndyVjG0b_16qtcloud_code_cli4lang4rustNtB2_10RustParser3new
FN:20,_RNvXs_NtNtCsee7ndyVjG0b_16qtcloud_code_cli4lang4rustNtB4_10RustParserNtB6_14LanguageParser13language_name
FN:24,_RNvXs_NtNtCsee7ndyVjG0b_16qtcloud_code_cli4lang4rustNtB4_10RustParserNtB6_14LanguageParser15file_extensions
FN:28,_RNvXs_NtNtCsee7ndyVjG0b_16qtcloud_code_cli4lang4rustNtB4_10RustParserNtB6_14LanguageParser5parse
FN:14,_RNCNvMNtNtCsee7ndyVjG0b_16qtcloud_code_cli4lang4rustNtB4_10RustParser3new0B8_
FN:63,_RNvNtNtNtCskiAP0IJDdks_16qtcloud_code_cli4lang4rust5testss_16test_parse_empty
FN:55,_RNvNtNtNtCskiAP0IJDdks_16qtcloud_code_cli4lang4rust5testss_16test_parse_valid
FN:43,_RNvNtNtNtCskiAP0IJDdks_16qtcloud_code_cli4lang4rust5testss_18test_language_name
FN:49,_RNvNtNtNtCskiAP0IJDdks_16qtcloud_code_cli4lang4rust5testss_20test_file_extensions
FN:10,_RNvMNtNtCskiAP0IJDdks_16qtcloud_code_cli4lang4rustNtB2_10RustParser3new
FN:20,_RNvXs_NtNtCskiAP0IJDdks_16qtcloud_code_cli4lang4rustNtB4_10RustParserNtB6_14LanguageParser13language_name
FN:24,_RNvXs_NtNtCskiAP0IJDdks_16qtcloud_code_cli4lang4rustNtB4_10RustParserNtB6_14LanguageParser15file_extensions
FN:28,_RNvXs_NtNtCskiAP0IJDdks_16qtcloud_code_cli4lang4rustNtB4_10RustParserNtB6_14LanguageParser5parse
FN:14,_RNCNvMNtNtCskiAP0IJDdks_16qtcloud_code_cli4lang4rustNtB4_10RustParser3new0B8_
FNDA:11,_RNvMNtNtCsee7ndyVjG0b_16qtcloud_code_cli4lang4rustNtB2_10RustParser3new
FNDA:0,_RNvXs_NtNtCsee7ndyVjG0b_16qtcloud_code_cli4lang4rustNtB4_10RustParserNtB6_14LanguageParser13language_name
FNDA:62332,_RNvXs_NtNtCsee7ndyVjG0b_16qtcloud_code_cli4lang4rustNtB4_10RustParserNtB6_14LanguageParser15file_extensions
FNDA:325,_RNvXs_NtNtCsee7ndyVjG0b_16qtcloud_code_cli4lang4rustNtB4_10RustParserNtB6_14LanguageParser5parse
FNDA:0,_RNCNvMNtNtCsee7ndyVjG0b_16qtcloud_code_cli4lang4rustNtB4_10RustParser3new0B8_
FNDA:1,_RNvNtNtNtCskiAP0IJDdks_16qtcloud_code_cli4lang4rust5testss_16test_parse_empty
FNDA:1,_RNvNtNtNtCskiAP0IJDdks_16qtcloud_code_cli4lang4rust5testss_16test_parse_valid
FNDA:1,_RNvNtNtNtCskiAP0IJDdks_16qtcloud_code_cli4lang4rust5testss_18test_language_name
FNDA:1,_RNvNtNtNtCskiAP0IJDdks_16qtcloud_code_cli4lang4rust5testss_20test_file_extensions
FNDA:4,_RNvMNtNtCskiAP0IJDdks_16qtcloud_code_cli4lang4rustNtB2_10RustParser3new
FNDA:1,_RNvXs_NtNtCskiAP0IJDdks_16qtcloud_code_cli4lang4rustNtB4_10RustParserNtB6_14LanguageParser13language_name
FNDA:1,_RNvXs_NtNtCskiAP0IJDdks_16qtcloud_code_cli4lang4rustNtB4_10RustParserNtB6_14LanguageParser15file_extensions
FNDA:2,_RNvXs_NtNtCskiAP0IJDdks_16qtcloud_code_cli4lang4rustNtB4_10RustParserNtB6_14LanguageParser5parse
FNDA:0,_RNCNvMNtNtCskiAP0IJDdks_16qtcloud_code_cli4lang4rustNtB4_10RustParser3new0B8_
FNF:9
FNH:8
DA:10,15
DA:11,15
DA:12,15
DA:13,15
DA:14,15
DA:15,15
DA:16,15
DA:20,1
DA:21,1
DA:22,1
DA:24,62333
DA:25,62333
DA:26,62333
DA:28,327
DA:29,327
DA:30,327
DA:31,327
DA:32,327
DA:33,327
DA:34,327
DA:35,327
DA:43,1
DA:44,1
DA:45,1
DA:46,1
DA:49,1
DA:50,1
DA:51,1
DA:52,1
DA:55,1
DA:56,1
DA:57,1
DA:58,1
DA:59,1
DA:60,1
DA:63,1
DA:64,1
DA:65,1
DA:66,1
BRF:0
BRH:0
LF:40
LH:39
end_of_record
SF:/home/iguo/repos/quanttide/domains/quanttide-code/examples/default/src/lang/typescript.rs
FN:10,_RNvMNtNtCsee7ndyVjG0b_16qtcloud_code_cli4lang10typescriptNtB2_16TypeScriptParser3new
FN:73,_RNvMs0_NtNtCsee7ndyVjG0b_16qtcloud_code_cli4lang10typescriptNtB5_9TsxParser3new
FN:83,_RNvXs1_NtNtCsee7ndyVjG0b_16qtcloud_code_cli4lang10typescriptNtB5_9TsxParserNtB7_14LanguageParser13language_name
FN:87,_RNvXs1_NtNtCsee7ndyVjG0b_16qtcloud_code_cli4lang10typescriptNtB5_9TsxParserNtB7_14LanguageParser15file_extensions
FN:91,_RNvXs1_NtNtCsee7ndyVjG0b_16qtcloud_code_cli4lang10typescriptNtB5_9TsxParserNtB7_14LanguageParser5parse
FN:20,_RNvXs_NtNtCsee7ndyVjG0b_16qtcloud_code_cli4lang10typescriptNtB4_16TypeScriptParserNtB6_14LanguageParser13language_name
FN:24,_RNvXs_NtNtCsee7ndyVjG0b_16qtcloud_code_cli4lang10typescriptNtB4_16TypeScriptParserNtB6_14LanguageParser15file_extensions
FN:28,_RNvXs_NtNtCsee7ndyVjG0b_16qtcloud_code_cli4lang10typescriptNtB4_16TypeScriptParserNtB6_14LanguageParser5parse
FN:14,_RNCNvMNtNtCsee7ndyVjG0b_16qtcloud_code_cli4lang10typescriptNtB4_16TypeScriptParser3new0B8_
FN:77,_RNCNvMs0_NtNtCsee7ndyVjG0b_16qtcloud_code_cli4lang10typescriptNtB7_9TsxParser3new0Bb_
FN:118,_RNvNtNtNtCskiAP0IJDdks_16qtcloud_code_cli4lang10typescript9tests_tsxs_20test_tsx_parse_valid
FN:106,_RNvNtNtNtCskiAP0IJDdks_16qtcloud_code_cli4lang10typescript9tests_tsxs_22test_tsx_language_name
FN:112,_RNvNtNtNtCskiAP0IJDdks_16qtcloud_code_cli4lang10typescript9tests_tsxs_24test_tsx_file_extensions
FN:62,_RNvNtNtNtCskiAP0IJDdks_16qtcloud_code_cli4lang10typescript5testss_19test_ts_parse_empty
FN:55,_RNvNtNtNtCskiAP0IJDdks_16qtcloud_code_cli4lang10typescript5testss_19test_ts_parse_valid
FN:43,_RNvNtNtNtCskiAP0IJDdks_16qtcloud_code_cli4lang10typescript5testss_21test_ts_language_name
FN:49,_RNvNtNtNtCskiAP0IJDdks_16qtcloud_code_cli4lang10typescript5testss_23test_ts_file_extensions
FN:10,_RNvMNtNtCskiAP0IJDdks_16qtcloud_code_cli4lang10typescriptNtB2_16TypeScriptParser3new
FN:73,_RNvMs0_NtNtCskiAP0IJDdks_16qtcloud_code_cli4lang10typescriptNtB5_9TsxParser3new
FN:83,_RNvXs1_NtNtCskiAP0IJDdks_16qtcloud_code_cli4lang10typescriptNtB5_9TsxParserNtB7_14LanguageParser13language_name
FN:87,_RNvXs1_NtNtCskiAP0IJDdks_16qtcloud_code_cli4lang10typescriptNtB5_9TsxParserNtB7_14LanguageParser15file_extensions
FN:91,_RNvXs1_NtNtCskiAP0IJDdks_16qtcloud_code_cli4lang10typescriptNtB5_9TsxParserNtB7_14LanguageParser5parse
FN:20,_RNvXs_NtNtCskiAP0IJDdks_16qtcloud_code_cli4lang10typescriptNtB4_16TypeScriptParserNtB6_14LanguageParser13language_name
FN:24,_RNvXs_NtNtCskiAP0IJDdks_16qtcloud_code_cli4lang10typescriptNtB4_16TypeScriptParserNtB6_14LanguageParser15file_extensions
FN:28,_RNvXs_NtNtCskiAP0IJDdks_16qtcloud_code_cli4lang10typescriptNtB4_16TypeScriptParserNtB6_14LanguageParser5parse
FN:14,_RNCNvMNtNtCskiAP0IJDdks_16qtcloud_code_cli4lang10typescriptNtB4_16TypeScriptParser3new0B8_
FN:77,_RNCNvMs0_NtNtCskiAP0IJDdks_16qtcloud_code_cli4lang10typescriptNtB7_9TsxParser3new0Bb_
FNDA:11,_RNvMNtNtCsee7ndyVjG0b_16qtcloud_code_cli4lang10typescriptNtB2_16TypeScriptParser3new
FNDA:11,_RNvMs0_NtNtCsee7ndyVjG0b_16qtcloud_code_cli4lang10typescriptNtB5_9TsxParser3new
FNDA:0,_RNvXs1_NtNtCsee7ndyVjG0b_16qtcloud_code_cli4lang10typescriptNtB5_9TsxParserNtB7_14LanguageParser13language_name
FNDA:62007,_RNvXs1_NtNtCsee7ndyVjG0b_16qtcloud_code_cli4lang10typescriptNtB5_9TsxParserNtB7_14LanguageParser15file_extensions
FNDA:0,_RNvXs1_NtNtCsee7ndyVjG0b_16qtcloud_code_cli4lang10typescriptNtB5_9TsxParserNtB7_14LanguageParser5parse
FNDA:0,_RNvXs_NtNtCsee7ndyVjG0b_16qtcloud_code_cli4lang10typescriptNtB4_16TypeScriptParserNtB6_14LanguageParser13language_name
FNDA:62007,_RNvXs_NtNtCsee7ndyVjG0b_16qtcloud_code_cli4lang10typescriptNtB4_16TypeScriptParserNtB6_14LanguageParser15file_extensions
FNDA:0,_RNvXs_NtNtCsee7ndyVjG0b_16qtcloud_code_cli4lang10typescriptNtB4_16TypeScriptParserNtB6_14LanguageParser5parse
FNDA:0,_RNCNvMNtNtCsee7ndyVjG0b_16qtcloud_code_cli4lang10typescriptNtB4_16TypeScriptParser3new0B8_
FNDA:0,_RNCNvMs0_NtNtCsee7ndyVjG0b_16qtcloud_code_cli4lang10typescriptNtB7_9TsxParser3new0Bb_
FNDA:1,_RNvNtNtNtCskiAP0IJDdks_16qtcloud_code_cli4lang10typescript9tests_tsxs_20test_tsx_parse_valid
FNDA:1,_RNvNtNtNtCskiAP0IJDdks_16qtcloud_code_cli4lang10typescript9tests_tsxs_22test_tsx_language_name
FNDA:1,_RNvNtNtNtCskiAP0IJDdks_16qtcloud_code_cli4lang10typescript9tests_tsxs_24test_tsx_file_extensions
FNDA:1,_RNvNtNtNtCskiAP0IJDdks_16qtcloud_code_cli4lang10typescript5testss_19test_ts_parse_empty
FNDA:1,_RNvNtNtNtCskiAP0IJDdks_16qtcloud_code_cli4lang10typescript5testss_19test_ts_parse_valid
FNDA:1,_RNvNtNtNtCskiAP0IJDdks_16qtcloud_code_cli4lang10typescript5testss_21test_ts_language_name
FNDA:1,_RNvNtNtNtCskiAP0IJDdks_16qtcloud_code_cli4lang10typescript5testss_23test_ts_file_extensions
FNDA:4,_RNvMNtNtCskiAP0IJDdks_16qtcloud_code_cli4lang10typescriptNtB2_16TypeScriptParser3new
FNDA:3,_RNvMs0_NtNtCskiAP0IJDdks_16qtcloud_code_cli4lang10typescriptNtB5_9TsxParser3new
FNDA:1,_RNvXs1_NtNtCskiAP0IJDdks_16qtcloud_code_cli4lang10typescriptNtB5_9TsxParserNtB7_14LanguageParser13language_name
FNDA:1,_RNvXs1_NtNtCskiAP0IJDdks_16qtcloud_code_cli4lang10typescriptNtB5_9TsxParserNtB7_14LanguageParser15file_extensions
FNDA:1,_RNvXs1_NtNtCskiAP0IJDdks_16qtcloud_code_cli4lang10typescriptNtB5_9TsxParserNtB7_14LanguageParser5parse
FNDA:1,_RNvXs_NtNtCskiAP0IJDdks_16qtcloud_code_cli4lang10typescriptNtB4_16TypeScriptParserNtB6_14LanguageParser13language_name
FNDA:1,_RNvXs_NtNtCskiAP0IJDdks_16qtcloud_code_cli4lang10typescriptNtB4_16TypeScriptParserNtB6_14LanguageParser15file_extensions
FNDA:2,_RNvXs_NtNtCskiAP0IJDdks_16qtcloud_code_cli4lang10typescriptNtB4_16TypeScriptParserNtB6_14LanguageParser5parse
FNDA:0,_RNCNvMNtNtCskiAP0IJDdks_16qtcloud_code_cli4lang10typescriptNtB4_16TypeScriptParser3new0B8_
FNDA:0,_RNCNvMs0_NtNtCskiAP0IJDdks_16qtcloud_code_cli4lang10typescriptNtB7_9TsxParser3new0Bb_
FNF:17
FNH:15
DA:10,15
DA:11,15
DA:12,15
DA:13,15
DA:14,15
DA:15,15
DA:16,15
DA:20,1
DA:21,1
DA:22,1
DA:24,62008
DA:25,62008
DA:26,62008
DA:28,2
DA:29,2
DA:30,2
DA:31,2
DA:32,2
DA:33,2
DA:34,2
DA:35,2
DA:43,1
DA:44,1
DA:45,1
DA:46,1
DA:49,1
DA:50,1
DA:51,1
DA:52,1
DA:55,1
DA:56,1
DA:57,1
DA:58,1
DA:59,1
DA:62,1
DA:63,1
DA:64,1
DA:65,1
DA:73,14
DA:74,14
DA:75,14
DA:76,14
DA:77,14
DA:78,14
DA:79,14
DA:83,1
DA:84,1
DA:85,1
DA:87,62008
DA:88,62008
DA:89,62008
DA:91,1
DA:92,1
DA:93,1
DA:94,1
DA:95,1
DA:96,1
DA:97,1
DA:98,1
DA:106,1
DA:107,1
DA:108,1
DA:109,1
DA:112,1
DA:113,1
DA:114,1
DA:115,1
DA:118,1
DA:119,1
DA:120,1
DA:121,1
DA:122,1
BRF:0
BRH:0
LF:74
LH:72
end_of_record
SF:/home/iguo/repos/quanttide/domains/quanttide-code/examples/default/src/main.rs
FN:79,_RNCNvCsdXyDXTxSDud_12qtcloud_code10run_review0B3_
FN:85,_RNCNvCsdXyDXTxSDud_12qtcloud_code10run_reviews0_0B3_
FN:92,_RNCNvCsdXyDXTxSDud_12qtcloud_code10run_reviews1_0B3_
FN:106,_RNCNvCsdXyDXTxSDud_12qtcloud_code10run_reviews2_0B3_
FN:142,_RNCNvCsdXyDXTxSDud_12qtcloud_code10run_reviews3_0B3_
FN:85,_RNCNvCsdXyDXTxSDud_12qtcloud_code10run_reviews_0B3_
FN:51,_RNCNvCsdXyDXTxSDud_12qtcloud_code12all_rule_ids0B3_
FN:175,_RNCNvCsdXyDXTxSDud_12qtcloud_code12resolve_root0B3_
FN:241,_RNCNvCsdXyDXTxSDud_12qtcloud_code17find_project_root0B3_
FN:222,_RNCNvCsdXyDXTxSDud_12qtcloud_code17write_status_file0B3_
FN:228,_RNCNvCsdXyDXTxSDud_12qtcloud_code17write_status_files_0B3_
FN:191,_RNCNvCsdXyDXTxSDud_12qtcloud_code9scan_file0B3_
FN:192,_RNCNvCsdXyDXTxSDud_12qtcloud_code9scan_files_0B3_
FN:74,_RNvCsdXyDXTxSDud_12qtcloud_code10run_review
FN:50,_RNvCsdXyDXTxSDud_12qtcloud_code12all_rule_ids
FN:170,_RNvCsdXyDXTxSDud_12qtcloud_code12resolve_root
FN:212,_RNvCsdXyDXTxSDud_12qtcloud_code12write_output
FN:178,_RNvCsdXyDXTxSDud_12qtcloud_code14create_parsers
FN:42,_RNvCsdXyDXTxSDud_12qtcloud_code14list_detectors
FN:246,_RNvCsdXyDXTxSDud_12qtcloud_code14run_list_rules
FN:235,_RNvCsdXyDXTxSDud_12qtcloud_code17find_project_root
FN:221,_RNvCsdXyDXTxSDud_12qtcloud_code17write_status_file
FN:59,_RNvCsdXyDXTxSDud_12qtcloud_code4main
FN:189,_RNvCsdXyDXTxSDud_12qtcloud_code9scan_file
FN:74,_RNvCsk4xe1IzT9iG_12qtcloud_code10run_review
FN:50,_RNvCsk4xe1IzT9iG_12qtcloud_code12all_rule_ids
FN:170,_RNvCsk4xe1IzT9iG_12qtcloud_code12resolve_root
FN:212,_RNvCsk4xe1IzT9iG_12qtcloud_code12write_output
FN:178,_RNvCsk4xe1IzT9iG_12qtcloud_code14create_parsers
FN:42,_RNvCsk4xe1IzT9iG_12qtcloud_code14list_detectors
FN:246,_RNvCsk4xe1IzT9iG_12qtcloud_code14run_list_rules
FN:235,_RNvCsk4xe1IzT9iG_12qtcloud_code17find_project_root
FN:221,_RNvCsk4xe1IzT9iG_12qtcloud_code17write_status_file
FN:59,_RNvCsk4xe1IzT9iG_12qtcloud_code4main
FN:189,_RNvCsk4xe1IzT9iG_12qtcloud_code9scan_file
FN:79,_RNCNvCsk4xe1IzT9iG_12qtcloud_code10run_review0B3_
FN:85,_RNCNvCsk4xe1IzT9iG_12qtcloud_code10run_reviews0_0B3_
FN:92,_RNCNvCsk4xe1IzT9iG_12qtcloud_code10run_reviews1_0B3_
FN:106,_RNCNvCsk4xe1IzT9iG_12qtcloud_code10run_reviews2_0B3_
FN:142,_RNCNvCsk4xe1IzT9iG_12qtcloud_code10run_reviews3_0B3_
FN:85,_RNCNvCsk4xe1IzT9iG_12qtcloud_code10run_reviews_0B3_
FN:51,_RNCNvCsk4xe1IzT9iG_12qtcloud_code12all_rule_ids0B3_
FN:175,_RNCNvCsk4xe1IzT9iG_12qtcloud_code12resolve_root0B3_
FN:241,_RNCNvCsk4xe1IzT9iG_12qtcloud_code17find_project_root0B3_
FN:222,_RNCNvCsk4xe1IzT9iG_12qtcloud_code17write_status_file0B3_
FN:228,_RNCNvCsk4xe1IzT9iG_12qtcloud_code17write_status_files_0B3_
FN:191,_RNCNvCsk4xe1IzT9iG_12qtcloud_code9scan_file0B3_
FN:192,_RNCNvCsk4xe1IzT9iG_12qtcloud_code9scan_files_0B3_
FNDA:0,_RNCNvCsdXyDXTxSDud_12qtcloud_code10run_review0B3_
FNDA:0,_RNCNvCsdXyDXTxSDud_12qtcloud_code10run_reviews0_0B3_
FNDA:0,_RNCNvCsdXyDXTxSDud_12qtcloud_code10run_reviews1_0B3_
FNDA:0,_RNCNvCsdXyDXTxSDud_12qtcloud_code10run_reviews2_0B3_
FNDA:0,_RNCNvCsdXyDXTxSDud_12qtcloud_code10run_reviews3_0B3_
FNDA:0,_RNCNvCsdXyDXTxSDud_12qtcloud_code10run_reviews_0B3_
FNDA:0,_RNCNvCsdXyDXTxSDud_12qtcloud_code12all_rule_ids0B3_
FNDA:0,_RNCNvCsdXyDXTxSDud_12qtcloud_code12resolve_root0B3_
FNDA:0,_RNCNvCsdXyDXTxSDud_12qtcloud_code17find_project_root0B3_
FNDA:0,_RNCNvCsdXyDXTxSDud_12qtcloud_code17write_status_file0B3_
FNDA:0,_RNCNvCsdXyDXTxSDud_12qtcloud_code17write_status_files_0B3_
FNDA:0,_RNCNvCsdXyDXTxSDud_12qtcloud_code9scan_file0B3_
FNDA:0,_RNCNvCsdXyDXTxSDud_12qtcloud_code9scan_files_0B3_
FNDA:0,_RNvCsdXyDXTxSDud_12qtcloud_code10run_review
FNDA:0,_RNvCsdXyDXTxSDud_12qtcloud_code12all_rule_ids
FNDA:0,_RNvCsdXyDXTxSDud_12qtcloud_code12resolve_root
FNDA:0,_RNvCsdXyDXTxSDud_12qtcloud_code12write_output
FNDA:0,_RNvCsdXyDXTxSDud_12qtcloud_code14create_parsers
FNDA:0,_RNvCsdXyDXTxSDud_12qtcloud_code14list_detectors
FNDA:0,_RNvCsdXyDXTxSDud_12qtcloud_code14run_list_rules
FNDA:0,_RNvCsdXyDXTxSDud_12qtcloud_code17find_project_root
FNDA:0,_RNvCsdXyDXTxSDud_12qtcloud_code17write_status_file
FNDA:0,_RNvCsdXyDXTxSDud_12qtcloud_code4main
FNDA:0,_RNvCsdXyDXTxSDud_12qtcloud_code9scan_file
FNDA:12,_RNvCsk4xe1IzT9iG_12qtcloud_code10run_review
FNDA:11,_RNvCsk4xe1IzT9iG_12qtcloud_code12all_rule_ids
FNDA:12,_RNvCsk4xe1IzT9iG_12qtcloud_code12resolve_root
FNDA:11,_RNvCsk4xe1IzT9iG_12qtcloud_code12write_output
FNDA:11,_RNvCsk4xe1IzT9iG_12qtcloud_code14create_parsers
[...]
FN:31,_RINvNtCsee7ndyVjG0b_16qtcloud_code_cli6report14write_terminalNtNtNtCsjrHSEGnQ3l9_3std2io5stdio10StdoutLockECsk4xe1IzT9iG_12qtcloud_code
FN:167,_RINvNtCsee7ndyVjG0b_16qtcloud_code_cli6report20write_status_detailsINtNtNtNtCsjrHSEGnQ3l9_3std2io8buffered9bufwriter9BufWriterNtNtB1c_2fs4FileEECsk4xe1IzT9iG_12qtcloud_code
FN:73,_RINvNtCsee7ndyVjG0b_16qtcloud_code_cli6report20write_status_summaryINtNtNtNtCsjrHSEGnQ3l9_3std2io8buffered9bufwriter9BufWriterNtNtB1c_2fs4FileEECsk4xe1IzT9iG_12qtcloud_code
FN:16,_RNCINvNtCsee7ndyVjG0b_16qtcloud_code_cli6report10write_jsonNtNtNtCsjrHSEGnQ3l9_3std2io5stdio10StdoutLockE0Csk4xe1IzT9iG_12qtcloud_code
FN:9,_RNCINvNtCsee7ndyVjG0b_16qtcloud_code_cli6report10write_jsonNtNtNtCsjrHSEGnQ3l9_3std2io5stdio10StdoutLockEs0_0Csk4xe1IzT9iG_12qtcloud_code
FN:27,_RNCINvNtCsee7ndyVjG0b_16qtcloud_code_cli6report10write_jsonNtNtNtCsjrHSEGnQ3l9_3std2io5stdio10StdoutLockEs_0Csk4xe1IzT9iG_12qtcloud_code
FN:9,_RNCINvNtCsee7ndyVjG0b_16qtcloud_code_cli6report12write_statusINtNtNtNtCsjrHSEGnQ3l9_3std2io8buffered9bufwriter9BufWriterNtNtB16_2fs4FileEE0Csk4xe1IzT9iG_12qtcloud_code
FN:9,_RNCINvNtCsee7ndyVjG0b_16qtcloud_code_cli6report12write_statusINtNtNtNtCsjrHSEGnQ3l9_3std2io8buffered9bufwriter9BufWriterNtNtB16_2fs4FileEEs0_0Csk4xe1IzT9iG_12qtcloud_code
FN:9,_RNCINvNtCsee7ndyVjG0b_16qtcloud_code_cli6report12write_statusINtNtNtNtCsjrHSEGnQ3l9_3std2io8buffered9bufwriter9BufWriterNtNtB16_2fs4FileEEs1_0Csk4xe1IzT9iG_12qtcloud_code
FN:9,_RNCINvNtCsee7ndyVjG0b_16qtcloud_code_cli6report12write_statusINtNtNtNtCsjrHSEGnQ3l9_3std2io8buffered9bufwriter9BufWriterNtNtB16_2fs4FileEEs2_0Csk4xe1IzT9iG_12qtcloud_code
FN:9,_RNCINvNtCsee7ndyVjG0b_16qtcloud_code_cli6report12write_statusINtNtNtNtCsjrHSEGnQ3l9_3std2io8buffered9bufwriter9BufWriterNtNtB16_2fs4FileEEs_0Csk4xe1IzT9iG_12qtcloud_code
FN:9,_RNCINvNtCsee7ndyVjG0b_16qtcloud_code_cli6report14write_terminalNtNtNtCsjrHSEGnQ3l9_3std2io5stdio10StdoutLockE0Csk4xe1IzT9iG_12qtcloud_code
FN:9,_RNCINvNtCsee7ndyVjG0b_16qtcloud_code_cli6report14write_terminalNtNtNtCsjrHSEGnQ3l9_3std2io5stdio10StdoutLockEs_0Csk4xe1IzT9iG_12qtcloud_code
FN:9,_RNCINvNtCsee7ndyVjG0b_16qtcloud_code_cli6report20write_status_detailsINtNtNtNtCsjrHSEGnQ3l9_3std2io8buffered9bufwriter9BufWriterNtNtB1e_2fs4FileEE0Csk4xe1IzT9iG_12qtcloud_code
FN:9,_RNCINvNtCsee7ndyVjG0b_16qtcloud_code_cli6report20write_status_detailsINtNtNtNtCsjrHSEGnQ3l9_3std2io8buffered9bufwriter9BufWriterNtNtB1e_2fs4FileEEs0_0Csk4xe1IzT9iG_12qtcloud_code
FN:9,_RNCINvNtCsee7ndyVjG0b_16qtcloud_code_cli6report20write_status_detailsINtNtNtNtCsjrHSEGnQ3l9_3std2io8buffered9bufwriter9BufWriterNtNtB1e_2fs4FileEEs1_0Csk4xe1IzT9iG_12qtcloud_code
FN:9,_RNCINvNtCsee7ndyVjG0b_16qtcloud_code_cli6report20write_status_detailsINtNtNtNtCsjrHSEGnQ3l9_3std2io8buffered9bufwriter9BufWriterNtNtB1e_2fs4FileEEs_0Csk4xe1IzT9iG_12qtcloud_code
FN:75,_RNCINvNtCsee7ndyVjG0b_16qtcloud_code_cli6report20write_status_summaryINtNtNtNtCsjrHSEGnQ3l9_3std2io8buffered9bufwriter9BufWriterNtNtB1e_2fs4FileEE0Csk4xe1IzT9iG_12qtcloud_code
FN:77,_RNCINvNtCsee7ndyVjG0b_16qtcloud_code_cli6report20write_status_summaryINtNtNtNtCsjrHSEGnQ3l9_3std2io8buffered9bufwriter9BufWriterNtNtB1e_2fs4FileEEs0_0Csk4xe1IzT9iG_12qtcloud_code
FN:9,_RNCINvNtCsee7ndyVjG0b_16qtcloud_code_cli6report20write_status_summaryINtNtNtNtCsjrHSEGnQ3l9_3std2io8buffered9bufwriter9BufWriterNtNtB1e_2fs4FileEEs1_0Csk4xe1IzT9iG_12qtcloud_code
FN:9,_RNCINvNtCsee7ndyVjG0b_16qtcloud_code_cli6report20write_status_summaryINtNtNtNtCsjrHSEGnQ3l9_3std2io8buffered9bufwriter9BufWriterNtNtB1e_2fs4FileEEs2_0Csk4xe1IzT9iG_12qtcloud_code
FN:9,_RNCINvNtCsee7ndyVjG0b_16qtcloud_code_cli6report20write_status_summaryINtNtNtNtCsjrHSEGnQ3l9_3std2io8buffered9bufwriter9BufWriterNtNtB1e_2fs4FileEEs3_0Csk4xe1IzT9iG_12qtcloud_code
FN:9,_RNCINvNtCsee7ndyVjG0b_16qtcloud_code_cli6report20write_status_summaryINtNtNtNtCsjrHSEGnQ3l9_3std2io8buffered9bufwriter9BufWriterNtNtB1e_2fs4FileEEs4_0Csk4xe1IzT9iG_12qtcloud_code
FN:9,_RNCINvNtCsee7ndyVjG0b_16qtcloud_code_cli6report20write_status_summaryINtNtNtNtCsjrHSEGnQ3l9_3std2io8buffered9bufwriter9BufWriterNtNtB1e_2fs4FileEEs5_0Csk4xe1IzT9iG_12qtcloud_code
FN:9,_RNCINvNtCsee7ndyVjG0b_16qtcloud_code_cli6report20write_status_summaryINtNtNtNtCsjrHSEGnQ3l9_3std2io8buffered9bufwriter9BufWriterNtNtB1e_2fs4FileEEs6_0Csk4xe1IzT9iG_12qtcloud_code
FN:9,_RNCINvNtCsee7ndyVjG0b_16qtcloud_code_cli6report20write_status_summaryINtNtNtNtCsjrHSEGnQ3l9_3std2io8buffered9bufwriter9BufWriterNtNtB1e_2fs4FileEEs7_0Csk4xe1IzT9iG_12qtcloud_code
FN:9,_RNCINvNtCsee7ndyVjG0b_16qtcloud_code_cli6report20write_status_summaryINtNtNtNtCsjrHSEGnQ3l9_3std2io8buffered9bufwriter9BufWriterNtNtB1e_2fs4FileEEs8_0Csk4xe1IzT9iG_12qtcloud_code
FN:9,_RNCINvNtCsee7ndyVjG0b_16qtcloud_code_cli6report20write_status_summaryINtNtNtNtCsjrHSEGnQ3l9_3std2io8buffered9bufwriter9BufWriterNtNtB1e_2fs4FileEEs9_0Csk4xe1IzT9iG_12qtcloud_code
FN:76,_RNCINvNtCsee7ndyVjG0b_16qtcloud_code_cli6report20write_status_summaryINtNtNtNtCsjrHSEGnQ3l9_3std2io8buffered9bufwriter9BufWriterNtNtB1e_2fs4FileEEs_0Csk4xe1IzT9iG_12qtcloud_code
FN:13,_RINvNtCskiAP0IJDdks_16qtcloud_code_cli6report10write_jsonINtNtCslNYArtu3iFV_5alloc3vec3VechEEB4_
FN:52,_RINvNtCskiAP0IJDdks_16qtcloud_code_cli6report12write_statusINtNtCslNYArtu3iFV_5alloc3vec3VechEEB4_
FN:31,_RINvNtCskiAP0IJDdks_16qtcloud_code_cli6report14write_terminalINtNtCslNYArtu3iFV_5alloc3vec3VechEEB4_
FN:167,_RINvNtCskiAP0IJDdks_16qtcloud_code_cli6report20write_status_detailsINtNtCslNYArtu3iFV_5alloc3vec3VechEEB4_
FN:73,_RINvNtCskiAP0IJDdks_16qtcloud_code_cli6report20write_status_summaryINtNtCslNYArtu3iFV_5alloc3vec3VechEEB4_
FN:16,_RNCINvNtCskiAP0IJDdks_16qtcloud_code_cli6report10write_jsonINtNtCslNYArtu3iFV_5alloc3vec3VechEE0B6_
FN:9,_RNCINvNtCskiAP0IJDdks_16qtcloud_code_cli6report10write_jsonINtNtCslNYArtu3iFV_5alloc3vec3VechEEs0_0B6_
FN:27,_RNCINvNtCskiAP0IJDdks_16qtcloud_code_cli6report10write_jsonINtNtCslNYArtu3iFV_5alloc3vec3VechEEs_0B6_
FN:9,_RNCINvNtCskiAP0IJDdks_16qtcloud_code_cli6report12write_statusINtNtCslNYArtu3iFV_5alloc3vec3VechEE0B6_
FN:9,_RNCINvNtCskiAP0IJDdks_16qtcloud_code_cli6report12write_statusINtNtCslNYArtu3iFV_5alloc3vec3VechEEs0_0B6_
FN:9,_RNCINvNtCskiAP0IJDdks_16qtcloud_code_cli6report12write_statusINtNtCslNYArtu3iFV_5alloc3vec3VechEEs1_0B6_
FN:9,_RNCINvNtCskiAP0IJDdks_16qtcloud_code_cli6report12write_statusINtNtCslNYArtu3iFV_5alloc3vec3VechEEs2_0B6_
FN:9,_RNCINvNtCskiAP0IJDdks_16qtcloud_code_cli6report12write_statusINtNtCslNYArtu3iFV_5alloc3vec3VechEEs_0B6_
FN:9,_RNCINvNtCskiAP0IJDdks_16qtcloud_code_cli6report14write_terminalINtNtCslNYArtu3iFV_5alloc3vec3VechEE0B6_
FN:9,_RNCINvNtCskiAP0IJDdks_16qtcloud_code_cli6report14write_terminalINtNtCslNYArtu3iFV_5alloc3vec3VechEEs_0B6_
FN:9,_RNCINvNtCskiAP0IJDdks_16qtcloud_code_cli6report20write_status_detailsINtNtCslNYArtu3iFV_5alloc3vec3VechEE0B6_
FN:9,_RNCINvNtCskiAP0IJDdks_16qtcloud_code_cli6report20write_status_detailsINtNtCslNYArtu3iFV_5alloc3vec3VechEEs0_0B6_
FN:9,_RNCINvNtCskiAP0IJDdks_16qtcloud_code_cli6report20write_status_detailsINtNtCslNYArtu3iFV_5alloc3vec3VechEEs1_0B6_
FN:9,_RNCINvNtCskiAP0IJDdks_16qtcloud_code_cli6report20write_status_detailsINtNtCslNYArtu3iFV_5alloc3vec3VechEEs_0B6_
FN:75,_RNCINvNtCskiAP0IJDdks_16qtcloud_code_cli6report20write_status_summaryINtNtCslNYArtu3iFV_5alloc3vec3VechEE0B6_
FN:77,_RNCINvNtCskiAP0IJDdks_16qtcloud_code_cli6report20write_status_summaryINtNtCslNYArtu3iFV_5alloc3vec3VechEEs0_0B6_
FN:9,_RNCINvNtCskiAP0IJDdks_16qtcloud_code_cli6report20write_status_summaryINtNtCslNYArtu3iFV_5alloc3vec3VechEEs1_0B6_
FN:9,_RNCINvNtCskiAP0IJDdks_16qtcloud_code_cli6report20write_status_summaryINtNtCslNYArtu3iFV_5alloc3vec3VechEEs2_0B6_
FN:9,_RNCINvNtCskiAP0IJDdks_16qtcloud_code_cli6report20write_status_summaryINtNtCslNYArtu3iFV_5alloc3vec3VechEEs3_0B6_
FN:9,_RNCINvNtCskiAP0IJDdks_16qtcloud_code_cli6report20write_status_summaryINtNtCslNYArtu3iFV_5alloc3vec3VechEEs4_0B6_
FN:9,_RNCINvNtCskiAP0IJDdks_16qtcloud_code_cli6report20write_status_summaryINtNtCslNYArtu3iFV_5alloc3vec3VechEEs5_0B6_
FN:9,_RNCINvNtCskiAP0IJDdks_16qtcloud_code_cli6report20write_status_summaryINtNtCslNYArtu3iFV_5alloc3vec3VechEEs6_0B6_
FN:9,_RNCINvNtCskiAP0IJDdks_16qtcloud_code_cli6report20write_status_summaryINtNtCslNYArtu3iFV_5alloc3vec3VechEEs7_0B6_
FN:9,_RNCINvNtCskiAP0IJDdks_16qtcloud_code_cli6report20write_status_summaryINtNtCslNYArtu3iFV_5alloc3vec3VechEEs8_0B6_
FN:9,_RNCINvNtCskiAP0IJDdks_16qtcloud_code_cli6report20write_status_summaryINtNtCslNYArtu3iFV_5alloc3vec3VechEEs9_0B6_
FN:76,_RNCINvNtCskiAP0IJDdks_16qtcloud_code_cli6report20write_status_summaryINtNtCslNYArtu3iFV_5alloc3vec3VechEEs_0B6_
FN:95,_RNvNtNtCskiAP0IJDdks_16qtcloud_code_cli6report5tests15sample_findings
FN:145,_RNvNtNtCskiAP0IJDdks_16qtcloud_code_cli6report5testss_18test_status_output
FN:117,_RNvNtNtCskiAP0IJDdks_16qtcloud_code_cli6report5testss_22test_json_output_valid
FN:159,_RNvNtNtCskiAP0IJDdks_16qtcloud_code_cli6report5testss_24test_status_output_empty
FN:127,_RNvNtNtCskiAP0IJDdks_16qtcloud_code_cli6report5testss_26test_terminal_output_empty
FN:135,_RNvNtNtCskiAP0IJDdks_16qtcloud_code_cli6report5testss_34test_terminal_output_with_findings
FNDA:2,_RINvNtCsee7ndyVjG0b_16qtcloud_code_cli6report10write_jsonNtNtNtCsjrHSEGnQ3l9_3std2io5stdio10StdoutLockECsk4xe1IzT9iG_12qtcloud_code
FNDA:1,_RINvNtCsee7ndyVjG0b_16qtcloud_code_cli6report12write_statusINtNtNtNtCsjrHSEGnQ3l9_3std2io8buffered9bufwriter9BufWriterNtNtB14_2fs4FileEECsk4xe1IzT9iG_12qtcloud_code
FNDA:9,_RINvNtCsee7ndyVjG0b_16qtcloud_code_cli6report14write_terminalNtNtNtCsjrHSEGnQ3l9_3std2io5stdio10StdoutLockECsk4xe1IzT9iG_12qtcloud_code
FNDA:1,_RINvNtCsee7ndyVjG0b_16qtcloud_code_cli6report20write_status_detailsINtNtNtNtCsjrHSEGnQ3l9_3std2io8buffered9bufwriter9BufWriterNtNtB1c_2fs4FileEECsk4xe1IzT9iG_12qtcloud_code
FNDA:1,_RINvNtCsee7ndyVjG0b_16qtcloud_code_cli6report20write_status_summaryINtNtNtNtCsjrHSEGnQ3l9_3std2io8buffered9bufwriter9BufWriterNtNtB1c_2fs4FileEECsk4xe1IzT9iG_12qtcloud_code
FNDA:216,_RNCINvNtCsee7ndyVjG0b_16qtcloud_code_cli6report10write_jsonNtNtNtCsjrHSEGnQ3l9_3std2io5stdio10StdoutLockE0Csk4xe1IzT9iG_12qtcloud_code
FNDA:0,_RNCINvNtCsee7ndyVjG0b_16qtcloud_code_cli6report10write_jsonNtNtNtCsjrHSEGnQ3l9_3std2io5stdio10StdoutLockEs0_0Csk4xe1IzT9iG_12qtcloud_code
FNDA:0,_RNCINvNtCsee7ndyVjG0b_16qtcloud_code_cli6report10write_jsonNtNtNtCsjrHSEGnQ3l9_3std2io5stdio10StdoutLockEs_0Csk4xe1IzT9iG_12qtcloud_code
FNDA:0,_RNCINvNtCsee7ndyVjG0b_16qtcloud_code_cli6report12write_statusINtNtNtNtCsjrHSEGnQ3l9_3std2io8buffered9bufwriter9BufWriterNtNtB16_2fs4FileEE0Csk4xe1IzT9iG_12qtcloud_code
FNDA:0,_RNCINvNtCsee7ndyVjG0b_16qtcloud_code_cli6report12write_statusINtNtNtNtCsjrHSEGnQ3l9_3std2io8buffered9bufwriter9BufWriterNtNtB16_2fs4FileEEs0_0Csk4xe1IzT9iG_12qtcloud_code
FNDA:0,_RNCINvNtCsee7ndyVjG0b_16qtcloud_code_cli6report12write_statusINtNtNtNtCsjrHSEGnQ3l9_3std2io8buffered9bufwriter9BufWriterNtNtB16_2fs4FileEEs1_0Csk4xe1IzT9iG_12qtcloud_code
FNDA:0,_RNCINvNtCsee7ndyVjG0b_16qtcloud_code_cli6report12write_statusINtNtNtNtCsjrHSEGnQ3l9_3std2io8buffered9bufwriter9BufWriterNtNtB16_2fs4FileEEs2_0Csk4xe1IzT9iG_12qtcloud_code
FNDA:0,_RNCINvNtCsee7ndyVjG0b_16qtcloud_code_cli6report12write_statusINtNtNtNtCsjrHSEGnQ3l9_3std2io8buffered9bufwriter9BufWriterNtNtB16_2fs4FileEEs_0Csk4xe1IzT9iG_12qtcloud_code
FNDA:0,_RNCINvNtCsee7ndyVjG0b_16qtcloud_code_cli6report14write_terminalNtNtNtCsjrHSEGnQ3l9_3std2io5stdio10StdoutLockE0Csk4xe1IzT9iG_12qtcloud_code
FNDA:0,_RNCINvNtCsee7ndyVjG0b_16qtcloud_code_cli6report14write_terminalNtNtNtCsjrHSEGnQ3l9_3std2io5stdio10StdoutLockEs_0Csk4xe1IzT9iG_12qtcloud_code
FNDA:0,_RNCINvNtCsee7ndyVjG0b_16qtcloud_code_cli6report20write_status_detailsINtNtNtNtCsjrHSEGnQ3l9_3std2io8buffered9bufwriter9BufWriterNtNtB1e_2fs4FileEE0Csk4xe1IzT9iG_12qtcloud_code
FNDA:0,_RNCINvNtCsee7ndyVjG0b_16qtcloud_code_cli6report20write_status_detailsINtNtNtNtCsjrHSEGnQ3l9_3std2io8buffered9bufwriter9BufWriterNtNtB1e_2fs4FileEEs0_0Csk4xe1IzT9iG_12qtcloud_code
FNDA:0,_RNCINvNtCsee7ndyVjG0b_16qtcloud_code_cli6report20write_status_detailsINtNtNtNtCsjrHSEGnQ3l9_3std2io8buffered9bufwriter9BufWriterNtNtB1e_2fs4FileEEs1_0Csk4xe1IzT9iG_12qtcloud_code
FNDA:0,_RNCINvNtCsee7ndyVjG0b_16qtcloud_code_cli6report20write_status_detailsINtNtNtNtCsjrHSEGnQ3l9_3std2io8buffered9bufwriter9BufWriterNtNtB1e_2fs4FileEEs_0Csk4xe1IzT9iG_12qtcloud_code
FNDA:2,_RNCINvNtCsee7ndyVjG0b_16qtcloud_code_cli6report20write_status_summaryINtNtNtNtCsjrHSEGnQ3l9_3std2io8buffered9bufwriter9BufWriterNtNtB1e_2fs4FileEE0Csk4xe1IzT9iG_12qtcloud_code
FNDA:2,_RNCINvNtCsee7ndyVjG0b_16qtcloud_code_cli6report20write_status_summaryINtNtNtNtCsjrHSEGnQ3l9_3std2io8buffered9bufwriter9BufWriterNtNtB1e_2fs4FileEEs0_0Csk4xe1IzT9iG_12qtcloud_code
FNDA:0,_RNCINvNtCsee7ndyVjG0b_16qtcloud_code_cli6report20write_status_summaryINtNtNtNtCsjrHSEGnQ3l9_3std2io8buffered9bufwriter9BufWriterNtNtB1e_2fs4FileEEs1_0Csk4xe1IzT9iG_12qtcloud_code
FNDA:0,_RNCINvNtCsee7ndyVjG0b_16qtcloud_code_cli6report20write_status_summaryINtNtNtNtCsjrHSEGnQ3l9_3std2io8buffered9bufwriter9BufWriterNtNtB1e_2fs4FileEEs2_0Csk4xe1IzT9iG_12qtcloud_code
FNDA:0,_RNCINvNtCsee7ndyVjG0b_16qtcloud_code_cli6report20write_status_summaryINtNtNtNtCsjrHSEGnQ3l9_3std2io8buffered9bufwriter9BufWriterNtNtB1e_2fs4FileEEs3_0Csk4xe1IzT9iG_12qtcloud_code
FNDA:0,_RNCINvNtCsee7ndyVjG0b_16qtcloud_code_cli6report20write_status_summaryINtNtNtNtCsjrHSEGnQ3l9_3std2io8buffered9bufwriter9BufWriterNtNtB1e_2fs4FileEEs4_0Csk4xe1IzT9iG_12qtcloud_code
FNDA:0,_RNCINvNtCsee7ndyVjG0b_16qtcloud_code_cli6report20write_status_summaryINtNtNtNtCsjrHSEGnQ3l9_3std2io8buffered9bufwriter9BufWriterNtNtB1e_2fs4FileEEs5_0Csk4xe1IzT9iG_12qtcloud_code
FNDA:0,_RNCINvNtCsee7ndyVjG0b_16qtcloud_code_cli6report20write_status_summaryINtNtNtNtCsjrHSEGnQ3l9_3std2io8buffered9bufwriter9BufWriterNtNtB1e_2fs4FileEEs6_0Csk4xe1IzT9iG_12qtcloud_code
FNDA:0,_RNCINvNtCsee7ndyVjG0b_16qtcloud_code_cli6report20write_status_summaryINtNtNtNtCsjrHSEGnQ3l9_3std2io8buffered9bufwriter9BufWriterNtNtB1e_2fs4FileEEs7_0Csk4xe1IzT9iG_12qtcloud_code
FNDA:0,_RNCINvNtCsee7ndyVjG0b_16qtcloud_code_cli6report20write_status_summaryINtNtNtNtCsjrHSEGnQ3l9_3std2io8buffered9bufwriter9BufWriterNtNtB1e_2fs4FileEEs8_0Csk4xe1IzT9iG_12qtcloud_code
FNDA:0,_RNCINvNtCsee7ndyVjG0b_16qtcloud_code_cli6report20write_status_summaryINtNtNtNtCsjrHSEGnQ3l9_3std2io8buffered9bufwriter9BufWriterNtNtB1e_2fs4FileEEs9_0Csk4xe1IzT9iG_12qtcloud_code
FNDA:2,_RNCINvNtCsee7ndyVjG0b_16qtcloud_code_cli6report20write_status_summaryINtNtNtNtCsjrHSEGnQ3l9_3std2io8buffered9bufwriter9BufWriterNtNtB1e_2fs4FileEEs_0Csk4xe1IzT9iG_12qtcloud_code
FNDA:1,_RINvNtCskiAP0IJDdks_16qtcloud_code_cli6report10write_jsonINtNtCslNYArtu3iFV_5alloc3vec3VechEEB4_
FNDA:2,_RINvNtCskiAP0IJDdks_16qtcloud_code_cli6report12write_statusINtNtCslNYArtu3iFV_5alloc3vec3VechEEB4_
FNDA:2,_RINvNtCskiAP0IJDdks_16qtcloud_code_cli6report14write_terminalINtNtCslNYArtu3iFV_5alloc3vec3VechEEB4_
FNDA:1,_RINvNtCskiAP0IJDdks_16qtcloud_code_cli6report20write_status_detailsINtNtCslNYArtu3iFV_5alloc3vec3VechEEB4_
FNDA:2,_RINvNtCskiAP0IJDdks_16qtcloud_code_cli6report20write_status_summaryINtNtCslNYArtu3iFV_5alloc3vec3VechEEB4_
FNDA:2,_RNCINvNtCskiAP0IJDdks_16qtcloud_code_cli6report10write_jsonINtNtCslNYArtu3iFV_5alloc3vec3VechEE0B6_
FNDA:0,_RNCINvNtCskiAP0IJDdks_16qtcloud_code_cli6report10write_jsonINtNtCslNYArtu3iFV_5alloc3vec3VechEEs0_0B6_
FNDA:0,_RNCINvNtCskiAP0IJDdks_16qtcloud_code_cli6report10write_jsonINtNtCslNYArtu3iFV_5alloc3vec3VechEEs_0B6_
FNDA:0,_RNCINvNtCskiAP0IJDdks_16qtcloud_code_cli6report12write_statusINtNtCslNYArtu3iFV_5alloc3vec3VechEE0B6_
FNDA:0,_RNCINvNtCskiAP0IJDdks_16qtcloud_code_cli6report12write_statusINtNtCslNYArtu3iFV_5alloc3vec3VechEEs0_0B6_
FNDA:0,_RNCINvNtCskiAP0IJDdks_16qtcloud_code_cli6report12write_statusINtNtCslNYArtu3iFV_5alloc3vec3VechEEs1_0B6_
FNDA:0,_RNCINvNtCskiAP0IJDdks_16qtcloud_code_cli6report12write_statusINtNtCslNYArtu3iFV_5alloc3vec3VechEEs2_0B6_
FNDA:0,_RNCINvNtCskiAP0IJDdks_16qtcloud_code_cli6report12write_statusINtNtCslNYArtu3iFV_5alloc3vec3VechEEs_0B6_
FNDA:0,_RNCINvNtCskiAP0IJDdks_16qtcloud_code_cli6report14write_terminalINtNtCslNYArtu3iFV_5alloc3vec3VechEE0B6_
FNDA:0,_RNCINvNtCskiAP0IJDdks_16qtcloud_code_cli6report14write_terminalINtNtCslNYArtu3iFV_5alloc3vec3VechEEs_0B6_
FNDA:0,_RNCINvNtCskiAP0IJDdks_16qtcloud_code_cli6report20write_status_detailsINtNtCslNYArtu3iFV_5alloc3vec3VechEE0B6_
FNDA:0,_RNCINvNtCskiAP0IJDdks_16qtcloud_code_cli6report20write_status_detailsINtNtCslNYArtu3iFV_5alloc3vec3VechEEs0_0B6_
FNDA:0,_RNCINvNtCskiAP0IJDdks_16qtcloud_code_cli6report20write_status_detailsINtNtCslNYArtu3iFV_5alloc3vec3VechEEs1_0B6_
FNDA:0,_RNCINvNtCskiAP0IJDdks_16qtcloud_code_cli6report20write_status_detailsINtNtCslNYArtu3iFV_5alloc3vec3VechEEs_0B6_
FNDA:2,_RNCINvNtCskiAP0IJDdks_16qtcloud_code_cli6report20write_status_summaryINtNtCslNYArtu3iFV_5alloc3vec3VechEE0B6_
FNDA:2,_RNCINvNtCskiAP0IJDdks_16qtcloud_code_cli6report20write_status_summaryINtNtCslNYArtu3iFV_5alloc3vec3VechEEs0_0B6_
FNDA:0,_RNCINvNtCskiAP0IJDdks_16qtcloud_code_cli6report20write_status_summaryINtNtCslNYArtu3iFV_5alloc3vec3VechEEs1_0B6_
FNDA:0,_RNCINvNtCskiAP0IJDdks_16qtcloud_code_cli6report20write_status_summaryINtNtCslNYArtu3iFV_5alloc3vec3VechEEs2_0B6_
FNDA:0,_RNCINvNtCskiAP0IJDdks_16qtcloud_code_cli6report20write_status_summaryINtNtCslNYArtu3iFV_5alloc3vec3VechEEs3_0B6_
FNDA:0,_RNCINvNtCskiAP0IJDdks_16qtcloud_code_cli6report20write_status_summaryINtNtCslNYArtu3iFV_5alloc3vec3VechEEs4_0B6_
FNDA:0,_RNCINvNtCskiAP0IJDdks_16qtcloud_code_cli6report20write_status_summaryINtNtCslNYArtu3iFV_5alloc3vec3VechEEs5_0B6_
FNDA:0,_RNCINvNtCskiAP0IJDdks_16qtcloud_code_cli6report20write_status_summaryINtNtCslNYArtu3iFV_5alloc3vec3VechEEs6_0B6_
FNDA:0,_RNCINvNtCskiAP0IJDdks_16qtcloud_code_cli6report20write_status_summaryINtNtCslNYArtu3iFV_5alloc3vec3VechEEs7_0B6_
FNDA:0,_RNCINvNtCskiAP0IJDdks_16qtcloud_code_cli6report20write_status_summaryINtNtCslNYArtu3iFV_5alloc3vec3VechEEs8_0B6_
FNDA:0,_RNCINvNtCskiAP0IJDdks_16qtcloud_code_cli6report20write_status_summaryINtNtCslNYArtu3iFV_5alloc3vec3VechEEs9_0B6_
FNDA:2,_RNCINvNtCskiAP0IJDdks_16qtcloud_code_cli6report20write_status_summaryINtNtCslNYArtu3iFV_5alloc3vec3VechEEs_0B6_
FNDA:3,_RNvNtNtCskiAP0IJDdks_16qtcloud_code_cli6report5tests15sample_findings
FNDA:1,_RNvNtNtCskiAP0IJDdks_16qtcloud_code_cli6report5testss_18test_status_output
FNDA:1,_RNvNtNtCskiAP0IJDdks_16qtcloud_code_cli6report5testss_22test_json_output_valid
FNDA:1,_RNvNtNtCskiAP0IJDdks_16qtcloud_code_cli6report5testss_24test_status_output_empty
FNDA:1,_RNvNtNtCskiAP0IJDdks_16qtcloud_code_cli6report5testss_26test_terminal_output_empty
FNDA:1,_RNvNtNtCskiAP0IJDdks_16qtcloud_code_cli6report5testss_34test_terminal_output_with_findings
FNF:17
FNH:15
DA:9,0
DA:13,3
DA:14,3
DA:15,3
DA:16,218
DA:17,218
DA:18,218
DA:19,218
DA:20,218
DA:21,218
DA:22,218
DA:23,218
DA:25,218
DA:26,3
DA:27,3
DA:28,3
DA:29,3
DA:31,11
DA:32,11
DA:33,2
DA:34,2
DA:35,9
DA:37,800
DA:38,800
DA:39,17
DA:40,37
DA:41,746
DA:43,800
DA:44,800
DA:46,800
DA:47,0
DA:49,9
DA:50,11
DA:52,3
DA:53,3
DA:54,3
DA:55,3
DA:56,3
DA:58,3
DA:59,3
DA:60,3
DA:61,3
DA:63,3
DA:65,3
DA:66,1
DA:67,1
DA:68,2
DA:70,2
DA:71,3
DA:73,3
DA:74,3
DA:75,4
DA:76,4
DA:77,4
DA:79,3
DA:80,3
DA:81,3
DA:82,3
DA:83,3
DA:84,3
DA:85,3
DA:86,3
DA:87,3
DA:88,3
DA:95,3
DA:96,3
DA:97,3
DA:98,3
DA:99,3
DA:100,3
DA:101,3
DA:102,3
DA:103,3
DA:104,3
DA:105,3
DA:106,3
DA:107,3
DA:108,3
DA:109,3
DA:110,3
DA:111,3
DA:112,3
DA:114,3
DA:117,1
DA:118,1
DA:119,1
DA:120,1
DA:121,1
DA:122,1
DA:123,1
DA:124,1
DA:127,1
DA:128,1
DA:129,1
DA:130,1
DA:131,1
DA:132,1
DA:135,1
DA:136,1
DA:137,1
DA:138,1
DA:139,1
DA:140,1
DA:141,1
DA:142,1
DA:145,1
DA:146,1
DA:147,1
DA:148,1
DA:149,1
DA:150,1
DA:151,1
DA:152,1
DA:153,1
DA:154,1
DA:155,1
DA:156,1
DA:159,1
DA:160,1
DA:161,1
DA:162,1
DA:163,1
DA:164,1
DA:167,2
DA:168,2
DA:169,2
DA:171,2
DA:172,4
DA:173,4
DA:174,4
DA:175,4
DA:177,3
DA:178,3
DA:179,4
DA:180,4
DA:181,1
DA:182,1
DA:183,2
DA:185,4
DA:189,2
DA:190,2
BRF:0
BRH:0
LF:146
LH:142
end_of_record